{"/home/wes/repos/babel-v2/src/bin/migrate-v1-to-v2.ts": {"path":"/home/wes/repos/babel-v2/src/bin/migrate-v1-to-v2.ts","statementMap":{"0":{"start":{"line":3,"column":0},"end":{"line":3,"column":28}},"1":{"start":{"line":4,"column":0},"end":{"line":4,"column":35}},"2":{"start":{"line":5,"column":0},"end":{"line":5,"column":63}},"3":{"start":{"line":7,"column":0},"end":{"line":34,"column":null}},"4":{"start":{"line":17,"column":4},"end":{"line":33,"column":5}},"5":{"start":{"line":19,"column":25},"end":{"line":19,"column":50}},"6":{"start":{"line":20,"column":25},"end":{"line":20,"column":96}},"7":{"start":{"line":22,"column":23},"end":{"line":27,"column":8}},"8":{"start":{"line":29,"column":6},"end":{"line":29,"column":null}},"9":{"start":{"line":31,"column":6},"end":{"line":31,"column":null}},"10":{"start":{"line":32,"column":6},"end":{"line":32,"column":null}},"11":{"start":{"line":36,"column":0},"end":{"line":36,"column":null}}},"fnMap":{"0":{"name":"(anonymous_9)","decl":{"start":{"line":16,"column":10},"end":{"line":16,"column":15}},"loc":{"start":{"line":16,"column":41},"end":{"line":34,"column":3}}}},"branchMap":{"0":{"loc":{"start":{"line":20,"column":25},"end":{"line":20,"column":96}},"type":"cond-expr","locations":[{"start":{"line":20,"column":47},"end":{"line":20,"column":80}},{"start":{"line":20,"column":83},"end":{"line":20,"column":96}}]}},"s":{"0":0,"1":0,"2":0,"3":0,"4":0,"5":0,"6":0,"7":0,"8":0,"9":0,"10":0,"11":0},"f":{"0":0},"b":{"0":[0,0]}}
,"/home/wes/repos/babel-v2/src/commands/migrationCommand.ts": {"path":"/home/wes/repos/babel-v2/src/commands/migrationCommand.ts","statementMap":{"0":{"start":{"line":3,"column":0},"end":{"line":3,"column":28}},"1":{"start":{"line":4,"column":0},"end":{"line":4,"column":24}},"2":{"start":{"line":5,"column":0},"end":{"line":5,"column":67}},"3":{"start":{"line":6,"column":0},"end":{"line":6,"column":65}},"4":{"start":{"line":7,"column":0},"end":{"line":7,"column":65}},"5":{"start":{"line":8,"column":0},"end":{"line":8,"column":46}},"6":{"start":{"line":9,"column":0},"end":{"line":9,"column":55}},"7":{"start":{"line":10,"column":0},"end":{"line":10,"column":59}},"8":{"start":{"line":19,"column":13},"end":{"line":119,"column":null}},"9":{"start":{"line":21,"column":4},"end":{"line":117,"column":5}},"10":{"start":{"line":22,"column":26},"end":{"line":22,"column":62}},"11":{"start":{"line":24,"column":6},"end":{"line":24,"column":null}},"12":{"start":{"line":25,"column":6},"end":{"line":25,"column":null}},"13":{"start":{"line":26,"column":6},"end":{"line":26,"column":null}},"14":{"start":{"line":27,"column":6},"end":{"line":27,"column":null}},"15":{"start":{"line":30,"column":6},"end":{"line":30,"column":null}},"16":{"start":{"line":33,"column":6},"end":{"line":38,"column":7}},"17":{"start":{"line":34,"column":8},"end":{"line":34,"column":null}},"18":{"start":{"line":36,"column":8},"end":{"line":36,"column":null}},"19":{"start":{"line":37,"column":8},"end":{"line":37,"column":null}},"20":{"start":{"line":40,"column":27},"end":{"line":40,"column":80}},"21":{"start":{"line":40,"column":52},"end":{"line":40,"column":72}},"22":{"start":{"line":41,"column":6},"end":{"line":41,"column":null}},"23":{"start":{"line":42,"column":6},"end":{"line":42,"column":null}},"24":{"start":{"line":44,"column":6},"end":{"line":47,"column":7}},"25":{"start":{"line":45,"column":8},"end":{"line":45,"column":null}},"26":{"start":{"line":46,"column":8},"end":{"line":46,"column":null}},"27":{"start":{"line":50,"column":6},"end":{"line":53,"column":7}},"28":{"start":{"line":51,"column":8},"end":{"line":51,"column":null}},"29":{"start":{"line":52,"column":8},"end":{"line":52,"column":null}},"30":{"start":{"line":56,"column":6},"end":{"line":56,"column":null}},"31":{"start":{"line":59,"column":23},"end":{"line":59,"column":55}},"32":{"start":{"line":60,"column":6},"end":{"line":62,"column":7}},"33":{"start":{"line":61,"column":8},"end":{"line":61,"column":null}},"34":{"start":{"line":64,"column":27},"end":{"line":64,"column":58}},"35":{"start":{"line":65,"column":23},"end":{"line":65,"column":64}},"36":{"start":{"line":66,"column":6},"end":{"line":66,"column":null}},"37":{"start":{"line":69,"column":17},"end":{"line":69,"column":33}},"38":{"start":{"line":70,"column":30},"end":{"line":70,"column":53}},"39":{"start":{"line":71,"column":32},"end":{"line":71,"column":57}},"40":{"start":{"line":74,"column":30},"end":{"line":93,"column":null}},"41":{"start":{"line":76,"column":10},"end":{"line":83,"column":null}},"42":{"start":{"line":86,"column":10},"end":{"line":91,"column":null}},"43":{"start":{"line":95,"column":21},"end":{"line":95,"column":88}},"44":{"start":{"line":98,"column":6},"end":{"line":98,"column":null}},"45":{"start":{"line":101,"column":6},"end":{"line":101,"column":null}},"46":{"start":{"line":102,"column":6},"end":{"line":102,"column":null}},"47":{"start":{"line":105,"column":6},"end":{"line":107,"column":7}},"48":{"start":{"line":106,"column":8},"end":{"line":106,"column":17}},"49":{"start":{"line":109,"column":6},"end":{"line":111,"column":7}},"50":{"start":{"line":110,"column":8},"end":{"line":110,"column":17}},"51":{"start":{"line":113,"column":6},"end":{"line":113,"column":15}},"52":{"start":{"line":115,"column":6},"end":{"line":115,"column":null}},"53":{"start":{"line":116,"column":6},"end":{"line":116,"column":null}}},"fnMap":{"0":{"name":"(anonymous_9)","decl":{"start":{"line":20,"column":2},"end":{"line":20,"column":7}},"loc":{"start":{"line":20,"column":63},"end":{"line":118,"column":3}}},"1":{"name":"(anonymous_10)","decl":{"start":{"line":40,"column":47},"end":{"line":40,"column":48}},"loc":{"start":{"line":40,"column":52},"end":{"line":40,"column":72}}},"2":{"name":"(anonymous_11)","decl":{"start":{"line":75,"column":21},"end":{"line":75,"column":22}},"loc":{"start":{"line":75,"column":36},"end":{"line":84,"column":9}}},"3":{"name":"(anonymous_12)","decl":{"start":{"line":85,"column":23},"end":{"line":85,"column":24}},"loc":{"start":{"line":85,"column":40},"end":{"line":92,"column":9}}}},"branchMap":{"0":{"loc":{"start":{"line":20,"column":33},"end":{"line":20,"column":63}},"type":"default-arg","locations":[{"start":{"line":20,"column":61},"end":{"line":20,"column":63}}]},"1":{"loc":{"start":{"line":22,"column":26},"end":{"line":22,"column":62}},"type":"binary-expr","locations":[{"start":{"line":22,"column":26},"end":{"line":22,"column":45}},{"start":{"line":22,"column":49},"end":{"line":22,"column":62}}]},"2":{"loc":{"start":{"line":36,"column":44},"end":{"line":36,"column":98}},"type":"cond-expr","locations":[{"start":{"line":36,"column":69},"end":{"line":36,"column":82}},{"start":{"line":36,"column":85},"end":{"line":36,"column":98}}]},"3":{"loc":{"start":{"line":44,"column":6},"end":{"line":47,"column":7}},"type":"if","locations":[{"start":{"line":44,"column":6},"end":{"line":47,"column":7}}]},"4":{"loc":{"start":{"line":50,"column":6},"end":{"line":53,"column":7}},"type":"if","locations":[{"start":{"line":50,"column":6},"end":{"line":53,"column":7}}]},"5":{"loc":{"start":{"line":60,"column":6},"end":{"line":62,"column":7}},"type":"if","locations":[{"start":{"line":60,"column":6},"end":{"line":62,"column":7}}]},"6":{"loc":{"start":{"line":102,"column":38},"end":{"line":102,"column":83}},"type":"binary-expr","locations":[{"start":{"line":102,"column":38},"end":{"line":102,"column":56}},{"start":{"line":102,"column":60},"end":{"line":102,"column":83}}]},"7":{"loc":{"start":{"line":105,"column":6},"end":{"line":107,"column":7}},"type":"if","locations":[{"start":{"line":105,"column":6},"end":{"line":107,"column":7}}]},"8":{"loc":{"start":{"line":105,"column":10},"end":{"line":105,"column":102}},"type":"binary-expr","locations":[{"start":{"line":105,"column":10},"end":{"line":105,"column":45}},{"start":{"line":105,"column":49},"end":{"line":105,"column":102}}]},"9":{"loc":{"start":{"line":109,"column":6},"end":{"line":111,"column":7}},"type":"if","locations":[{"start":{"line":109,"column":6},"end":{"line":111,"column":7}}]},"10":{"loc":{"start":{"line":115,"column":36},"end":{"line":115,"column":90}},"type":"cond-expr","locations":[{"start":{"line":115,"column":61},"end":{"line":115,"column":74}},{"start":{"line":115,"column":77},"end":{"line":115,"column":90}}]}},"s":{"0":0,"1":0,"2":0,"3":0,"4":0,"5":0,"6":0,"7":0,"8":0,"9":0,"10":0,"11":0,"12":0,"13":0,"14":0,"15":0,"16":0,"17":0,"18":0,"19":0,"20":0,"21":0,"22":0,"23":0,"24":0,"25":0,"26":0,"27":0,"28":0,"29":0,"30":0,"31":0,"32":0,"33":0,"34":0,"35":0,"36":0,"37":0,"38":0,"39":0,"40":0,"41":0,"42":0,"43":0,"44":0,"45":0,"46":0,"47":0,"48":0,"49":0,"50":0,"51":0,"52":0,"53":0},"f":{"0":0,"1":0,"2":0,"3":0},"b":{"0":[0],"1":[0,0],"2":[0,0],"3":[0],"4":[0],"5":[0],"6":[0,0],"7":[0],"8":[0,0],"9":[0],"10":[0,0]}}
,"/home/wes/repos/babel-v2/src/core/autoCommitHandler.ts": {"path":"/home/wes/repos/babel-v2/src/core/autoCommitHandler.ts","statementMap":{"0":{"start":{"line":7,"column":0},"end":{"line":7,"column":41}},"1":{"start":{"line":8,"column":0},"end":{"line":8,"column":50}},"2":{"start":{"line":9,"column":0},"end":{"line":9,"column":34}},"3":{"start":{"line":10,"column":0},"end":{"line":10,"column":29}},"4":{"start":{"line":11,"column":0},"end":{"line":11,"column":29}},"5":{"start":{"line":13,"column":15},"end":{"line":13,"column":46}},"6":{"start":{"line":41,"column":10},"end":{"line":41,"column":39}},"7":{"start":{"line":42,"column":10},"end":{"line":42,"column":47}},"8":{"start":{"line":43,"column":10},"end":{"line":43,"column":37}},"9":{"start":{"line":44,"column":10},"end":{"line":44,"column":34}},"10":{"start":{"line":45,"column":10},"end":{"line":45,"column":51}},"11":{"start":{"line":46,"column":10},"end":{"line":46,"column":36}},"12":{"start":{"line":47,"column":10},"end":{"line":47,"column":34}},"13":{"start":{"line":48,"column":10},"end":{"line":48,"column":63}},"14":{"start":{"line":51,"column":10},"end":{"line":51,"column":52}},"15":{"start":{"line":59,"column":4},"end":{"line":59,"column":29}},"16":{"start":{"line":60,"column":4},"end":{"line":64,"column":6}},"17":{"start":{"line":65,"column":4},"end":{"line":65,"column":27}},"18":{"start":{"line":66,"column":4},"end":{"line":66,"column":39}},"19":{"start":{"line":73,"column":4},"end":{"line":73,"column":20}},"20":{"start":{"line":80,"column":4},"end":{"line":80,"column":27}},"21":{"start":{"line":81,"column":4},"end":{"line":81,"column":34}},"22":{"start":{"line":88,"column":4},"end":{"line":88,"column":30}},"23":{"start":{"line":95,"column":4},"end":{"line":97,"column":5}},"24":{"start":{"line":96,"column":6},"end":{"line":96,"column":68}},"25":{"start":{"line":98,"column":4},"end":{"line":100,"column":5}},"26":{"start":{"line":99,"column":6},"end":{"line":99,"column":66}},"27":{"start":{"line":101,"column":4},"end":{"line":103,"column":5}},"28":{"start":{"line":102,"column":6},"end":{"line":102,"column":52}},"29":{"start":{"line":104,"column":4},"end":{"line":104,"column":60}},"30":{"start":{"line":112,"column":4},"end":{"line":116,"column":5}},"31":{"start":{"line":113,"column":6},"end":{"line":113,"column":37}},"32":{"start":{"line":115,"column":6},"end":{"line":115,"column":68}},"33":{"start":{"line":118,"column":4},"end":{"line":118,"column":25}},"34":{"start":{"line":119,"column":4},"end":{"line":119,"column":64}},"35":{"start":{"line":122,"column":4},"end":{"line":132,"column":5}},"36":{"start":{"line":123,"column":6},"end":{"line":131,"column":9}},"37":{"start":{"line":124,"column":8},"end":{"line":126,"column":9}},"38":{"start":{"line":125,"column":10},"end":{"line":125,"column":17}},"39":{"start":{"line":128,"column":8},"end":{"line":130,"column":9}},"40":{"start":{"line":129,"column":10},"end":{"line":129,"column":78}},"41":{"start":{"line":139,"column":4},"end":{"line":139,"column":26}},"42":{"start":{"line":140,"column":4},"end":{"line":143,"column":5}},"43":{"start":{"line":141,"column":6},"end":{"line":141,"column":29}},"44":{"start":{"line":142,"column":6},"end":{"line":142,"column":28}},"45":{"start":{"line":144,"column":4},"end":{"line":144,"column":61}},"46":{"start":{"line":144,"column":40},"end":{"line":144,"column":59}},"47":{"start":{"line":145,"column":4},"end":{"line":145,"column":29}},"48":{"start":{"line":146,"column":4},"end":{"line":146,"column":46}},"49":{"start":{"line":153,"column":4},"end":{"line":153,"column":25}},"50":{"start":{"line":161,"column":4},"end":{"line":163,"column":5}},"51":{"start":{"line":162,"column":6},"end":{"line":162,"column":51}},"52":{"start":{"line":166,"column":18},"end":{"line":191,"column":30}},"53":{"start":{"line":167,"column":6},"end":{"line":189,"column":7}},"54":{"start":{"line":168,"column":24},"end":{"line":168,"column":60}},"55":{"start":{"line":169,"column":26},"end":{"line":169,"column":45}},"56":{"start":{"line":172,"column":8},"end":{"line":178,"column":9}},"57":{"start":{"line":173,"column":10},"end":{"line":177,"column":11}},"58":{"start":{"line":174,"column":12},"end":{"line":174,"column":62}},"59":{"start":{"line":176,"column":12},"end":{"line":176,"column":75}},"60":{"start":{"line":180,"column":8},"end":{"line":186,"column":9}},"61":{"start":{"line":181,"column":24},"end":{"line":181,"column":58}},"62":{"start":{"line":182,"column":10},"end":{"line":185,"column":13}},"63":{"start":{"line":188,"column":8},"end":{"line":188,"column":61}},"64":{"start":{"line":190,"column":6},"end":{"line":190,"column":40}},"65":{"start":{"line":193,"column":4},"end":{"line":193,"column":42}},"66":{"start":{"line":200,"column":4},"end":{"line":200,"column":34}},"67":{"start":{"line":207,"column":4},"end":{"line":207,"column":33}},"68":{"start":{"line":214,"column":4},"end":{"line":214,"column":48}},"69":{"start":{"line":221,"column":4},"end":{"line":221,"column":41}},"70":{"start":{"line":228,"column":4},"end":{"line":230,"column":5}},"71":{"start":{"line":229,"column":6},"end":{"line":229,"column":19}},"72":{"start":{"line":232,"column":18},"end":{"line":232,"column":52}},"73":{"start":{"line":235,"column":4},"end":{"line":237,"column":5}},"74":{"start":{"line":236,"column":6},"end":{"line":236,"column":25}},"75":{"start":{"line":240,"column":4},"end":{"line":240,"column":61}},"76":{"start":{"line":247,"column":4},"end":{"line":253,"column":5}},"77":{"start":{"line":248,"column":6},"end":{"line":252,"column":8}},"78":{"start":{"line":255,"column":4},"end":{"line":288,"column":5}},"79":{"start":{"line":256,"column":20},"end":{"line":256,"column":54}},"80":{"start":{"line":258,"column":21},"end":{"line":261,"column":8}},"81":{"start":{"line":263,"column":6},"end":{"line":282,"column":7}},"82":{"start":{"line":264,"column":8},"end":{"line":264,"column":27}},"83":{"start":{"line":265,"column":8},"end":{"line":265,"column":41}},"84":{"start":{"line":266,"column":8},"end":{"line":266,"column":39}},"85":{"start":{"line":268,"column":49},"end":{"line":274,"column":10}},"86":{"start":{"line":276,"column":8},"end":{"line":276,"column":46}},"87":{"start":{"line":278,"column":8},"end":{"line":281,"column":11}},"88":{"start":{"line":284,"column":6},"end":{"line":284,"column":20}},"89":{"start":{"line":286,"column":6},"end":{"line":286,"column":56}},"90":{"start":{"line":287,"column":6},"end":{"line":287,"column":18}},"91":{"start":{"line":295,"column":4},"end":{"line":295,"column":31}},"92":{"start":{"line":302,"column":4},"end":{"line":302,"column":31}},"93":{"start":{"line":309,"column":4},"end":{"line":309,"column":36}},"94":{"start":{"line":316,"column":4},"end":{"line":316,"column":31}},"95":{"start":{"line":323,"column":4},"end":{"line":323,"column":28}},"96":{"start":{"line":330,"column":4},"end":{"line":330,"column":35}},"97":{"start":{"line":337,"column":4},"end":{"line":337,"column":23}},"98":{"start":{"line":338,"column":4},"end":{"line":338,"column":39}},"99":{"start":{"line":345,"column":4},"end":{"line":345,"column":24}},"100":{"start":{"line":346,"column":4},"end":{"line":346,"column":40}},"101":{"start":{"line":353,"column":4},"end":{"line":353,"column":23}},"102":{"start":{"line":38,"column":0},"end":{"line":38,"column":13}}},"fnMap":{"0":{"name":"(anonymous_9)","decl":{"start":{"line":53,"column":2},"end":{"line":53,"column":null}},"loc":{"start":{"line":57,"column":41},"end":{"line":67,"column":3}}},"1":{"name":"(anonymous_10)","decl":{"start":{"line":72,"column":2},"end":{"line":72,"column":15}},"loc":{"start":{"line":72,"column":15},"end":{"line":74,"column":3}}},"2":{"name":"(anonymous_11)","decl":{"start":{"line":79,"column":2},"end":{"line":79,"column":24}},"loc":{"start":{"line":79,"column":73},"end":{"line":82,"column":3}}},"3":{"name":"(anonymous_12)","decl":{"start":{"line":87,"column":2},"end":{"line":87,"column":11}},"loc":{"start":{"line":87,"column":11},"end":{"line":89,"column":3}}},"4":{"name":"(anonymous_13)","decl":{"start":{"line":94,"column":2},"end":{"line":94,"column":14}},"loc":{"start":{"line":94,"column":42},"end":{"line":105,"column":3}}},"5":{"name":"(anonymous_14)","decl":{"start":{"line":110,"column":2},"end":{"line":110,"column":7}},"loc":{"start":{"line":110,"column":35},"end":{"line":133,"column":3}}},"6":{"name":"(anonymous_15)","decl":{"start":{"line":123,"column":72},"end":{"line":123,"column":73}},"loc":{"start":{"line":123,"column":96},"end":{"line":131,"column":7}}},"7":{"name":"(anonymous_16)","decl":{"start":{"line":138,"column":2},"end":{"line":138,"column":14}},"loc":{"start":{"line":138,"column":14},"end":{"line":147,"column":3}}},"8":{"name":"(anonymous_17)","decl":{"start":{"line":144,"column":29},"end":{"line":144,"column":30}},"loc":{"start":{"line":144,"column":40},"end":{"line":144,"column":59}}},"9":{"name":"(anonymous_18)","decl":{"start":{"line":152,"column":2},"end":{"line":152,"column":12}},"loc":{"start":{"line":152,"column":12},"end":{"line":154,"column":3}}},"10":{"name":"(anonymous_19)","decl":{"start":{"line":159,"column":10},"end":{"line":159,"column":15}},"loc":{"start":{"line":159,"column":49},"end":{"line":194,"column":3}}},"11":{"name":"(anonymous_20)","decl":{"start":{"line":166,"column":29},"end":{"line":166,"column":34}},"loc":{"start":{"line":166,"column":40},"end":{"line":191,"column":5}}},"12":{"name":"(anonymous_21)","decl":{"start":{"line":199,"column":2},"end":{"line":199,"column":14}},"loc":{"start":{"line":199,"column":28},"end":{"line":201,"column":3}}},"13":{"name":"(anonymous_22)","decl":{"start":{"line":206,"column":2},"end":{"line":206,"column":14}},"loc":{"start":{"line":206,"column":14},"end":{"line":208,"column":3}}},"14":{"name":"(anonymous_23)","decl":{"start":{"line":213,"column":2},"end":{"line":213,"column":20}},"loc":{"start":{"line":213,"column":41},"end":{"line":215,"column":3}}},"15":{"name":"(anonymous_24)","decl":{"start":{"line":220,"column":2},"end":{"line":220,"column":16}},"loc":{"start":{"line":220,"column":37},"end":{"line":222,"column":3}}},"16":{"name":"(anonymous_25)","decl":{"start":{"line":227,"column":2},"end":{"line":227,"column":14}},"loc":{"start":{"line":227,"column":32},"end":{"line":241,"column":3}}},"17":{"name":"(anonymous_26)","decl":{"start":{"line":246,"column":2},"end":{"line":246,"column":7}},"loc":{"start":{"line":246,"column":83},"end":{"line":289,"column":3}}},"18":{"name":"(anonymous_27)","decl":{"start":{"line":294,"column":2},"end":{"line":294,"column":19}},"loc":{"start":{"line":294,"column":32},"end":{"line":296,"column":3}}},"19":{"name":"(anonymous_28)","decl":{"start":{"line":301,"column":2},"end":{"line":301,"column":19}},"loc":{"start":{"line":301,"column":19},"end":{"line":303,"column":3}}},"20":{"name":"(anonymous_29)","decl":{"start":{"line":308,"column":2},"end":{"line":308,"column":19}},"loc":{"start":{"line":308,"column":37},"end":{"line":310,"column":3}}},"21":{"name":"(anonymous_30)","decl":{"start":{"line":315,"column":2},"end":{"line":315,"column":19}},"loc":{"start":{"line":315,"column":19},"end":{"line":317,"column":3}}},"22":{"name":"(anonymous_31)","decl":{"start":{"line":322,"column":2},"end":{"line":322,"column":16}},"loc":{"start":{"line":322,"column":16},"end":{"line":324,"column":3}}},"23":{"name":"(anonymous_32)","decl":{"start":{"line":329,"column":2},"end":{"line":329,"column":18}},"loc":{"start":{"line":329,"column":18},"end":{"line":331,"column":3}}},"24":{"name":"(anonymous_33)","decl":{"start":{"line":336,"column":2},"end":{"line":336,"column":7}},"loc":{"start":{"line":336,"column":7},"end":{"line":339,"column":3}}},"25":{"name":"(anonymous_34)","decl":{"start":{"line":344,"column":2},"end":{"line":344,"column":8}},"loc":{"start":{"line":344,"column":8},"end":{"line":347,"column":3}}},"26":{"name":"(anonymous_35)","decl":{"start":{"line":352,"column":2},"end":{"line":352,"column":10}},"loc":{"start":{"line":352,"column":10},"end":{"line":354,"column":3}}}},"branchMap":{"0":{"loc":{"start":{"line":61,"column":26},"end":{"line":61,"column":59}},"type":"binary-expr","locations":[{"start":{"line":61,"column":26},"end":{"line":61,"column":52}},{"start":{"line":61,"column":56},"end":{"line":61,"column":59}}]},"1":{"loc":{"start":{"line":62,"column":25},"end":{"line":62,"column":58}},"type":"binary-expr","locations":[{"start":{"line":62,"column":25},"end":{"line":62,"column":50}},{"start":{"line":62,"column":54},"end":{"line":62,"column":58}}]},"2":{"loc":{"start":{"line":63,"column":18},"end":{"line":63,"column":44}},"type":"binary-expr","locations":[{"start":{"line":63,"column":18},"end":{"line":63,"column":36}},{"start":{"line":63,"column":40},"end":{"line":63,"column":44}}]},"3":{"loc":{"start":{"line":95,"column":4},"end":{"line":97,"column":5}},"type":"if","locations":[{"start":{"line":95,"column":4},"end":{"line":97,"column":5}}]},"4":{"loc":{"start":{"line":98,"column":4},"end":{"line":100,"column":5}},"type":"if","locations":[{"start":{"line":98,"column":4},"end":{"line":100,"column":5}}]},"5":{"loc":{"start":{"line":101,"column":4},"end":{"line":103,"column":5}},"type":"if","locations":[{"start":{"line":101,"column":4},"end":{"line":103,"column":5}}]},"6":{"loc":{"start":{"line":122,"column":4},"end":{"line":132,"column":5}},"type":"if","locations":[{"start":{"line":122,"column":4},"end":{"line":132,"column":5}}]},"7":{"loc":{"start":{"line":124,"column":8},"end":{"line":126,"column":9}},"type":"if","locations":[{"start":{"line":124,"column":8},"end":{"line":126,"column":9}}]},"8":{"loc":{"start":{"line":124,"column":12},"end":{"line":124,"column":57}},"type":"binary-expr","locations":[{"start":{"line":124,"column":12},"end":{"line":124,"column":23}},{"start":{"line":124,"column":27},"end":{"line":124,"column":57}}]},"9":{"loc":{"start":{"line":128,"column":8},"end":{"line":130,"column":9}},"type":"if","locations":[{"start":{"line":128,"column":8},"end":{"line":130,"column":9}}]},"10":{"loc":{"start":{"line":128,"column":12},"end":{"line":128,"column":48}},"type":"binary-expr","locations":[{"start":{"line":128,"column":12},"end":{"line":128,"column":20}},{"start":{"line":128,"column":24},"end":{"line":128,"column":48}}]},"11":{"loc":{"start":{"line":140,"column":4},"end":{"line":143,"column":5}},"type":"if","locations":[{"start":{"line":140,"column":4},"end":{"line":143,"column":5}}]},"12":{"loc":{"start":{"line":161,"column":4},"end":{"line":163,"column":5}},"type":"if","locations":[{"start":{"line":161,"column":4},"end":{"line":163,"column":5}}]},"13":{"loc":{"start":{"line":172,"column":8},"end":{"line":178,"column":9}},"type":"if","locations":[{"start":{"line":172,"column":8},"end":{"line":178,"column":9}}]},"14":{"loc":{"start":{"line":172,"column":12},"end":{"line":172,"column":46}},"type":"binary-expr","locations":[{"start":{"line":172,"column":12},"end":{"line":172,"column":30}},{"start":{"line":172,"column":34},"end":{"line":172,"column":46}}]},"15":{"loc":{"start":{"line":180,"column":8},"end":{"line":186,"column":9}},"type":"if","locations":[{"start":{"line":180,"column":8},"end":{"line":186,"column":9}}]},"16":{"loc":{"start":{"line":228,"column":4},"end":{"line":230,"column":5}},"type":"if","locations":[{"start":{"line":228,"column":4},"end":{"line":230,"column":5}}]},"17":{"loc":{"start":{"line":235,"column":4},"end":{"line":237,"column":5}},"type":"if","locations":[{"start":{"line":235,"column":4},"end":{"line":237,"column":5}}]},"18":{"loc":{"start":{"line":247,"column":4},"end":{"line":253,"column":5}},"type":"if","locations":[{"start":{"line":247,"column":4},"end":{"line":253,"column":5}}]},"19":{"loc":{"start":{"line":263,"column":6},"end":{"line":282,"column":7}},"type":"if","locations":[{"start":{"line":263,"column":6},"end":{"line":282,"column":7}}]}},"s":{"0":0,"1":0,"2":0,"3":0,"4":0,"5":0,"6":0,"7":0,"8":0,"9":0,"10":0,"11":0,"12":0,"13":0,"14":0,"15":0,"16":0,"17":0,"18":0,"19":0,"20":0,"21":0,"22":0,"23":0,"24":0,"25":0,"26":0,"27":0,"28":0,"29":0,"30":0,"31":0,"32":0,"33":0,"34":0,"35":0,"36":0,"37":0,"38":0,"39":0,"40":0,"41":0,"42":0,"43":0,"44":0,"45":0,"46":0,"47":0,"48":0,"49":0,"50":0,"51":0,"52":0,"53":0,"54":0,"55":0,"56":0,"57":0,"58":0,"59":0,"60":0,"61":0,"62":0,"63":0,"64":0,"65":0,"66":0,"67":0,"68":0,"69":0,"70":0,"71":0,"72":0,"73":0,"74":0,"75":0,"76":0,"77":0,"78":0,"79":0,"80":0,"81":0,"82":0,"83":0,"84":0,"85":0,"86":0,"87":0,"88":0,"89":0,"90":0,"91":0,"92":0,"93":0,"94":0,"95":0,"96":0,"97":0,"98":0,"99":0,"100":0,"101":0,"102":0},"f":{"0":0,"1":0,"2":0,"3":0,"4":0,"5":0,"6":0,"7":0,"8":0,"9":0,"10":0,"11":0,"12":0,"13":0,"14":0,"15":0,"16":0,"17":0,"18":0,"19":0,"20":0,"21":0,"22":0,"23":0,"24":0,"25":0,"26":0},"b":{"0":[0,0],"1":[0,0],"2":[0,0],"3":[0],"4":[0],"5":[0],"6":[0],"7":[0],"8":[0,0],"9":[0],"10":[0,0],"11":[0],"12":[0],"13":[0],"14":[0,0],"15":[0],"16":[0],"17":[0],"18":[0],"19":[0]}}
,"/home/wes/repos/babel-v2/src/core/autoCommitManager.ts": {"path":"/home/wes/repos/babel-v2/src/core/autoCommitManager.ts","statementMap":{"0":{"start":{"line":6,"column":0},"end":{"line":6,"column":29}},"1":{"start":{"line":7,"column":0},"end":{"line":7,"column":25}},"2":{"start":{"line":9,"column":0},"end":{"line":9,"column":74}},"3":{"start":{"line":10,"column":0},"end":{"line":10,"column":53}},"4":{"start":{"line":11,"column":0},"end":{"line":11,"column":64}},"5":{"start":{"line":12,"column":0},"end":{"line":12,"column":41}},"6":{"start":{"line":14,"column":15},"end":{"line":14,"column":46}},"7":{"start":{"line":20,"column":12},"end":{"line":20,"column":44}},"8":{"start":{"line":21,"column":12},"end":{"line":21,"column":33}},"9":{"start":{"line":22,"column":12},"end":{"line":22,"column":37}},"10":{"start":{"line":17,"column":10},"end":{"line":17,"column":65}},"11":{"start":{"line":31,"column":4},"end":{"line":33,"column":5}},"12":{"start":{"line":32,"column":6},"end":{"line":32,"column":13}},"13":{"start":{"line":36,"column":18},"end":{"line":36,"column":56}},"14":{"start":{"line":37,"column":4},"end":{"line":40,"column":5}},"15":{"start":{"line":38,"column":6},"end":{"line":38,"column":61}},"16":{"start":{"line":39,"column":6},"end":{"line":39,"column":13}},"17":{"start":{"line":43,"column":21},"end":{"line":43,"column":59}},"18":{"start":{"line":44,"column":4},"end":{"line":47,"column":5}},"19":{"start":{"line":45,"column":6},"end":{"line":45,"column":65}},"20":{"start":{"line":46,"column":6},"end":{"line":46,"column":13}},"21":{"start":{"line":50,"column":19},"end":{"line":50,"column":46}},"22":{"start":{"line":51,"column":4},"end":{"line":54,"column":5}},"23":{"start":{"line":52,"column":6},"end":{"line":52,"column":76}},"24":{"start":{"line":53,"column":6},"end":{"line":53,"column":13}},"25":{"start":{"line":57,"column":26},"end":{"line":57,"column":53}},"26":{"start":{"line":58,"column":29},"end":{"line":58,"column":96}},"27":{"start":{"line":61,"column":20},"end":{"line":67,"column":null}},"28":{"start":{"line":66,"column":8},"end":{"line":66,"column":51}},"29":{"start":{"line":71,"column":4},"end":{"line":71,"column":54}},"30":{"start":{"line":74,"column":4},"end":{"line":74,"column":34}},"31":{"start":{"line":77,"column":4},"end":{"line":77,"column":42}},"32":{"start":{"line":78,"column":4},"end":{"line":78,"column":82}},"33":{"start":{"line":85,"column":4},"end":{"line":88,"column":7}},"34":{"start":{"line":86,"column":6},"end":{"line":86,"column":29}},"35":{"start":{"line":87,"column":6},"end":{"line":87,"column":71}},"36":{"start":{"line":89,"column":4},"end":{"line":89,"column":28}},"37":{"start":{"line":90,"column":4},"end":{"line":90,"column":53}},"38":{"start":{"line":99,"column":4},"end":{"line":99,"column":40}},"39":{"start":{"line":106,"column":4},"end":{"line":106,"column":48}},"40":{"start":{"line":114,"column":4},"end":{"line":114,"column":40}},"41":{"start":{"line":16,"column":0},"end":{"line":16,"column":13}}},"fnMap":{"0":{"name":"(anonymous_9)","decl":{"start":{"line":19,"column":2},"end":{"line":19,"column":null}},"loc":{"start":{"line":22,"column":37},"end":{"line":23,"column":6}}},"1":{"name":"(anonymous_10)","decl":{"start":{"line":29,"column":2},"end":{"line":29,"column":7}},"loc":{"start":{"line":29,"column":37},"end":{"line":79,"column":3}}},"2":{"name":"(anonymous_11)","decl":{"start":{"line":65,"column":6},"end":{"line":65,"column":11}},"loc":{"start":{"line":65,"column":27},"end":{"line":67,"column":7}}},"3":{"name":"(anonymous_12)","decl":{"start":{"line":84,"column":2},"end":{"line":84,"column":12}},"loc":{"start":{"line":84,"column":12},"end":{"line":91,"column":3}}},"4":{"name":"(anonymous_13)","decl":{"start":{"line":85,"column":28},"end":{"line":85,"column":29}},"loc":{"start":{"line":85,"column":49},"end":{"line":88,"column":5}}},"5":{"name":"(anonymous_14)","decl":{"start":{"line":98,"column":2},"end":{"line":98,"column":12}},"loc":{"start":{"line":98,"column":28},"end":{"line":100,"column":3}}},"6":{"name":"(anonymous_15)","decl":{"start":{"line":105,"column":2},"end":{"line":105,"column":16}},"loc":{"start":{"line":105,"column":16},"end":{"line":107,"column":3}}},"7":{"name":"(anonymous_16)","decl":{"start":{"line":113,"column":2},"end":{"line":113,"column":12}},"loc":{"start":{"line":113,"column":28},"end":{"line":115,"column":3}}}},"branchMap":{"0":{"loc":{"start":{"line":31,"column":4},"end":{"line":33,"column":5}},"type":"if","locations":[{"start":{"line":31,"column":4},"end":{"line":33,"column":5}}]},"1":{"loc":{"start":{"line":37,"column":4},"end":{"line":40,"column":5}},"type":"if","locations":[{"start":{"line":37,"column":4},"end":{"line":40,"column":5}}]},"2":{"loc":{"start":{"line":44,"column":4},"end":{"line":47,"column":5}},"type":"if","locations":[{"start":{"line":44,"column":4},"end":{"line":47,"column":5}}]},"3":{"loc":{"start":{"line":51,"column":4},"end":{"line":54,"column":5}},"type":"if","locations":[{"start":{"line":51,"column":4},"end":{"line":54,"column":5}}]},"4":{"loc":{"start":{"line":71,"column":25},"end":{"line":71,"column":52}},"type":"binary-expr","locations":[{"start":{"line":71,"column":25},"end":{"line":71,"column":47}},{"start":{"line":71,"column":51},"end":{"line":71,"column":52}}]}},"s":{"0":0,"1":0,"2":0,"3":0,"4":0,"5":0,"6":0,"7":0,"8":0,"9":0,"10":0,"11":0,"12":0,"13":0,"14":0,"15":0,"16":0,"17":0,"18":0,"19":0,"20":0,"21":0,"22":0,"23":0,"24":0,"25":0,"26":0,"27":0,"28":0,"29":0,"30":0,"31":0,"32":0,"33":0,"34":0,"35":0,"36":0,"37":0,"38":0,"39":0,"40":0,"41":0},"f":{"0":0,"1":0,"2":0,"3":0,"4":0,"5":0,"6":0,"7":0},"b":{"0":[0],"1":[0],"2":[0],"3":[0],"4":[0,0]}}
,"/home/wes/repos/babel-v2/src/core/dailyWordCountTracker.ts": {"path":"/home/wes/repos/babel-v2/src/core/dailyWordCountTracker.ts","statementMap":{"0":{"start":{"line":7,"column":0},"end":{"line":7,"column":41}},"1":{"start":{"line":8,"column":0},"end":{"line":8,"column":36}},"2":{"start":{"line":10,"column":15},"end":{"line":10,"column":50}},"3":{"start":{"line":17,"column":22},"end":{"line":17,"column":62}},"4":{"start":{"line":13,"column":10},"end":{"line":13,"column":63}},"5":{"start":{"line":15,"column":10},"end":{"line":15,"column":54}},"6":{"start":{"line":18,"column":4},"end":{"line":18,"column":39}},"7":{"start":{"line":19,"column":4},"end":{"line":19,"column":30}},"8":{"start":{"line":27,"column":4},"end":{"line":45,"column":5}},"9":{"start":{"line":28,"column":20},"end":{"line":28,"column":30}},"10":{"start":{"line":29,"column":6},"end":{"line":29,"column":33}},"11":{"start":{"line":32,"column":25},"end":{"line":32,"column":84}},"12":{"start":{"line":34,"column":6},"end":{"line":41,"column":7}},"13":{"start":{"line":36,"column":8},"end":{"line":36,"column":73}},"14":{"start":{"line":37,"column":8},"end":{"line":37,"column":89}},"15":{"start":{"line":40,"column":8},"end":{"line":40,"column":49}},"16":{"start":{"line":43,"column":6},"end":{"line":43,"column":77}},"17":{"start":{"line":44,"column":6},"end":{"line":44,"column":47}},"18":{"start":{"line":53,"column":20},"end":{"line":53,"column":62}},"19":{"start":{"line":54,"column":20},"end":{"line":54,"column":35}},"20":{"start":{"line":55,"column":4},"end":{"line":55,"column":51}},"21":{"start":{"line":57,"column":4},"end":{"line":57,"column":90}},"22":{"start":{"line":64,"column":4},"end":{"line":64,"column":54}},"23":{"start":{"line":71,"column":4},"end":{"line":71,"column":43}},"24":{"start":{"line":79,"column":4},"end":{"line":98,"column":5}},"25":{"start":{"line":80,"column":20},"end":{"line":80,"column":30}},"26":{"start":{"line":81,"column":6},"end":{"line":81,"column":33}},"27":{"start":{"line":83,"column":6},"end":{"line":94,"column":7}},"28":{"start":{"line":84,"column":8},"end":{"line":93,"column":9}},"29":{"start":{"line":86,"column":10},"end":{"line":91,"column":13}},"30":{"start":{"line":92,"column":10},"end":{"line":92,"column":80}},"31":{"start":{"line":96,"column":6},"end":{"line":96,"column":61}},"32":{"start":{"line":105,"column":4},"end":{"line":108,"column":5}},"33":{"start":{"line":106,"column":6},"end":{"line":106,"column":39}},"34":{"start":{"line":107,"column":6},"end":{"line":107,"column":32}},"35":{"start":{"line":111,"column":4},"end":{"line":111,"column":25}},"36":{"start":{"line":112,"column":4},"end":{"line":112,"column":37}},"37":{"start":{"line":114,"column":4},"end":{"line":114,"column":50}},"38":{"start":{"line":121,"column":4},"end":{"line":124,"column":6}},"39":{"start":{"line":122,"column":12},"end":{"line":122,"column":33}},"40":{"start":{"line":126,"column":4},"end":{"line":126,"column":75}},"41":{"start":{"line":133,"column":16},"end":{"line":133,"column":26}},"42":{"start":{"line":134,"column":21},"end":{"line":134,"column":34}},"43":{"start":{"line":135,"column":4},"end":{"line":135,"column":45}},"44":{"start":{"line":136,"column":4},"end":{"line":136,"column":34}},"45":{"start":{"line":138,"column":4},"end":{"line":138,"column":46}},"46":{"start":{"line":145,"column":17},"end":{"line":145,"column":27}},"47":{"start":{"line":146,"column":4},"end":{"line":146,"column":37}},"48":{"start":{"line":147,"column":4},"end":{"line":147,"column":30}},"49":{"start":{"line":148,"column":4},"end":{"line":148,"column":16}},"50":{"start":{"line":156,"column":4},"end":{"line":156,"column":63}},"51":{"start":{"line":159,"column":4},"end":{"line":159,"column":25}},"52":{"start":{"line":162,"column":4},"end":{"line":162,"column":37}},"53":{"start":{"line":165,"column":4},"end":{"line":165,"column":30}},"54":{"start":{"line":12,"column":0},"end":{"line":12,"column":13}}},"fnMap":{"0":{"name":"(anonymous_0)","decl":{"start":{"line":17,"column":2},"end":{"line":17,"column":22}},"loc":{"start":{"line":17,"column":62},"end":{"line":20,"column":3}}},"1":{"name":"(anonymous_1)","decl":{"start":{"line":26,"column":2},"end":{"line":26,"column":7}},"loc":{"start":{"line":26,"column":34},"end":{"line":46,"column":3}}},"2":{"name":"(anonymous_2)","decl":{"start":{"line":52,"column":2},"end":{"line":52,"column":16}},"loc":{"start":{"line":52,"column":47},"end":{"line":58,"column":3}}},"3":{"name":"(anonymous_3)","decl":{"start":{"line":63,"column":2},"end":{"line":63,"column":21}},"loc":{"start":{"line":63,"column":37},"end":{"line":65,"column":3}}},"4":{"name":"(anonymous_4)","decl":{"start":{"line":70,"column":2},"end":{"line":70,"column":19}},"loc":{"start":{"line":70,"column":19},"end":{"line":72,"column":3}}},"5":{"name":"(anonymous_5)","decl":{"start":{"line":78,"column":2},"end":{"line":78,"column":7}},"loc":{"start":{"line":78,"column":15},"end":{"line":99,"column":3}}},"6":{"name":"(anonymous_6)","decl":{"start":{"line":104,"column":2},"end":{"line":104,"column":7}},"loc":{"start":{"line":104,"column":15},"end":{"line":115,"column":3}}},"7":{"name":"(anonymous_7)","decl":{"start":{"line":120,"column":10},"end":{"line":120,"column":28}},"loc":{"start":{"line":120,"column":28},"end":{"line":127,"column":3}}},"8":{"name":"(anonymous_8)","decl":{"start":{"line":122,"column":6},"end":{"line":122,"column":9}},"loc":{"start":{"line":122,"column":12},"end":{"line":122,"column":33}}},"9":{"name":"(anonymous_9)","decl":{"start":{"line":132,"column":10},"end":{"line":132,"column":38}},"loc":{"start":{"line":132,"column":38},"end":{"line":139,"column":3}}},"10":{"name":"(anonymous_10)","decl":{"start":{"line":144,"column":10},"end":{"line":144,"column":25}},"loc":{"start":{"line":144,"column":25},"end":{"line":149,"column":3}}},"11":{"name":"(anonymous_11)","decl":{"start":{"line":155,"column":10},"end":{"line":155,"column":15}},"loc":{"start":{"line":155,"column":30},"end":{"line":166,"column":3}}}},"branchMap":{"0":{"loc":{"start":{"line":34,"column":6},"end":{"line":41,"column":7}},"type":"if","locations":[{"start":{"line":34,"column":6},"end":{"line":41,"column":7}},{"start":{"line":38,"column":13},"end":{"line":41,"column":7}}]},"1":{"loc":{"start":{"line":36,"column":46},"end":{"line":36,"column":71}},"type":"binary-expr","locations":[{"start":{"line":36,"column":46},"end":{"line":36,"column":66}},{"start":{"line":36,"column":70},"end":{"line":36,"column":71}}]},"2":{"loc":{"start":{"line":53,"column":20},"end":{"line":53,"column":62}},"type":"binary-expr","locations":[{"start":{"line":53,"column":20},"end":{"line":53,"column":57}},{"start":{"line":53,"column":61},"end":{"line":53,"column":62}}]},"3":{"loc":{"start":{"line":64,"column":11},"end":{"line":64,"column":53}},"type":"binary-expr","locations":[{"start":{"line":64,"column":11},"end":{"line":64,"column":48}},{"start":{"line":64,"column":52},"end":{"line":64,"column":53}}]},"4":{"loc":{"start":{"line":84,"column":8},"end":{"line":93,"column":9}},"type":"if","locations":[{"start":{"line":84,"column":8},"end":{"line":93,"column":9}}]},"5":{"loc":{"start":{"line":105,"column":4},"end":{"line":108,"column":5}},"type":"if","locations":[{"start":{"line":105,"column":4},"end":{"line":108,"column":5}}]}},"s":{"0":0,"1":0,"2":0,"3":0,"4":0,"5":0,"6":0,"7":0,"8":0,"9":0,"10":0,"11":0,"12":0,"13":0,"14":0,"15":0,"16":0,"17":0,"18":0,"19":0,"20":0,"21":0,"22":0,"23":0,"24":0,"25":0,"26":0,"27":0,"28":0,"29":0,"30":0,"31":0,"32":0,"33":0,"34":0,"35":0,"36":0,"37":0,"38":0,"39":0,"40":0,"41":0,"42":0,"43":0,"44":0,"45":0,"46":0,"47":0,"48":0,"49":0,"50":0,"51":0,"52":0,"53":0,"54":0},"f":{"0":0,"1":0,"2":0,"3":0,"4":0,"5":0,"6":0,"7":0,"8":0,"9":0,"10":0,"11":0},"b":{"0":[0,0],"1":[0,0],"2":[0,0],"3":[0,0],"4":[0],"5":[0]}}
,"/home/wes/repos/babel-v2/src/core/iconRegistry.ts": {"path":"/home/wes/repos/babel-v2/src/core/iconRegistry.ts","statementMap":{"0":{"start":{"line":5,"column":0},"end":{"line":5,"column":53}},"1":{"start":{"line":13,"column":4},"end":{"line":13,"column":27}},"2":{"start":{"line":14,"column":4},"end":{"line":14,"column":35}},"3":{"start":{"line":15,"column":4},"end":{"line":20,"column":6}},"4":{"start":{"line":21,"column":4},"end":{"line":21,"column":32}},"5":{"start":{"line":25,"column":36},"end":{"line":55,"column":6}},"6":{"start":{"line":58,"column":4},"end":{"line":66,"column":7}},"7":{"start":{"line":59,"column":6},"end":{"line":59,"column":38}},"8":{"start":{"line":61,"column":23},"end":{"line":61,"column":47}},"9":{"start":{"line":62,"column":6},"end":{"line":64,"column":7}},"10":{"start":{"line":63,"column":8},"end":{"line":63,"column":45}},"11":{"start":{"line":65,"column":6},"end":{"line":65,"column":51}},"12":{"start":{"line":73,"column":4},"end":{"line":73,"column":32}},"13":{"start":{"line":80,"column":4},"end":{"line":80,"column":43}},"14":{"start":{"line":87,"column":4},"end":{"line":87,"column":51}},"15":{"start":{"line":94,"column":4},"end":{"line":96,"column":5}},"16":{"start":{"line":95,"column":6},"end":{"line":95,"column":19}},"17":{"start":{"line":97,"column":4},"end":{"line":97,"column":32}},"18":{"start":{"line":104,"column":4},"end":{"line":104,"column":50}},"19":{"start":{"line":111,"column":4},"end":{"line":111,"column":49}},"20":{"start":{"line":7,"column":0},"end":{"line":7,"column":13}}},"fnMap":{"0":{"name":"(anonymous_0)","decl":{"start":{"line":12,"column":2},"end":{"line":12,"column":null}},"loc":{"start":{"line":12,"column":2},"end":{"line":22,"column":3}}},"1":{"name":"(anonymous_1)","decl":{"start":{"line":24,"column":10},"end":{"line":24,"column":30}},"loc":{"start":{"line":24,"column":30},"end":{"line":67,"column":3}}},"2":{"name":"(anonymous_2)","decl":{"start":{"line":58,"column":18},"end":{"line":58,"column":22}},"loc":{"start":{"line":58,"column":25},"end":{"line":66,"column":5}}},"3":{"name":"(anonymous_3)","decl":{"start":{"line":72,"column":2},"end":{"line":72,"column":9}},"loc":{"start":{"line":72,"column":22},"end":{"line":74,"column":3}}},"4":{"name":"(anonymous_4)","decl":{"start":{"line":79,"column":2},"end":{"line":79,"column":13}},"loc":{"start":{"line":79,"column":13},"end":{"line":81,"column":3}}},"5":{"name":"(anonymous_5)","decl":{"start":{"line":86,"column":2},"end":{"line":86,"column":23}},"loc":{"start":{"line":86,"column":39},"end":{"line":88,"column":3}}},"6":{"name":"(anonymous_6)","decl":{"start":{"line":93,"column":2},"end":{"line":93,"column":13}},"loc":{"start":{"line":93,"column":26},"end":{"line":98,"column":3}}},"7":{"name":"(anonymous_7)","decl":{"start":{"line":103,"column":2},"end":{"line":103,"column":20}},"loc":{"start":{"line":103,"column":37},"end":{"line":105,"column":3}}},"8":{"name":"(anonymous_8)","decl":{"start":{"line":110,"column":2},"end":{"line":110,"column":18}},"loc":{"start":{"line":110,"column":18},"end":{"line":112,"column":3}}}},"branchMap":{"0":{"loc":{"start":{"line":61,"column":23},"end":{"line":61,"column":47}},"type":"binary-expr","locations":[{"start":{"line":61,"column":23},"end":{"line":61,"column":36}},{"start":{"line":61,"column":40},"end":{"line":61,"column":47}}]},"1":{"loc":{"start":{"line":62,"column":6},"end":{"line":64,"column":7}},"type":"if","locations":[{"start":{"line":62,"column":6},"end":{"line":64,"column":7}}]},"2":{"loc":{"start":{"line":87,"column":11},"end":{"line":87,"column":50}},"type":"binary-expr","locations":[{"start":{"line":87,"column":11},"end":{"line":87,"column":40}},{"start":{"line":87,"column":44},"end":{"line":87,"column":50}}]},"3":{"loc":{"start":{"line":94,"column":4},"end":{"line":96,"column":5}},"type":"if","locations":[{"start":{"line":94,"column":4},"end":{"line":96,"column":5}}]},"4":{"loc":{"start":{"line":94,"column":8},"end":{"line":94,"column":63}},"type":"binary-expr","locations":[{"start":{"line":94,"column":8},"end":{"line":94,"column":13}},{"start":{"line":94,"column":17},"end":{"line":94,"column":41}},{"start":{"line":94,"column":45},"end":{"line":94,"column":63}}]},"5":{"loc":{"start":{"line":104,"column":11},"end":{"line":104,"column":49}},"type":"binary-expr","locations":[{"start":{"line":104,"column":11},"end":{"line":104,"column":43}},{"start":{"line":104,"column":47},"end":{"line":104,"column":49}}]}},"s":{"0":0,"1":0,"2":0,"3":0,"4":0,"5":0,"6":0,"7":0,"8":0,"9":0,"10":0,"11":0,"12":0,"13":0,"14":0,"15":0,"16":0,"17":0,"18":0,"19":0,"20":0},"f":{"0":0,"1":0,"2":0,"3":0,"4":0,"5":0,"6":0,"7":0,"8":0},"b":{"0":[0,0],"1":[0],"2":[0,0],"3":[0],"4":[0,0,0],"5":[0,0]}}
,"/home/wes/repos/babel-v2/src/core/orphanedBranchRecovery.ts": {"path":"/home/wes/repos/babel-v2/src/core/orphanedBranchRecovery.ts","statementMap":{"0":{"start":{"line":7,"column":0},"end":{"line":7,"column":41}},"1":{"start":{"line":9,"column":15},"end":{"line":9,"column":51}},"2":{"start":{"line":32,"column":10},"end":{"line":32,"column":55}},"3":{"start":{"line":33,"column":10},"end":{"line":39,"column":5}},"4":{"start":{"line":42,"column":4},"end":{"line":42,"column":29}},"5":{"start":{"line":49,"column":4},"end":{"line":49,"column":20}},"6":{"start":{"line":56,"column":4},"end":{"line":62,"column":5}},"7":{"start":{"line":57,"column":23},"end":{"line":57,"column":54}},"8":{"start":{"line":58,"column":6},"end":{"line":58,"column":44}},"9":{"start":{"line":60,"column":6},"end":{"line":60,"column":70}},"10":{"start":{"line":61,"column":6},"end":{"line":61,"column":18}},"11":{"start":{"line":69,"column":4},"end":{"line":131,"column":5}},"12":{"start":{"line":71,"column":6},"end":{"line":78,"column":7}},"13":{"start":{"line":72,"column":8},"end":{"line":72,"column":84}},"14":{"start":{"line":73,"column":8},"end":{"line":77,"column":10}},"15":{"start":{"line":81,"column":25},"end":{"line":81,"column":64}},"16":{"start":{"line":83,"column":6},"end":{"line":91,"column":7}},"17":{"start":{"line":84,"column":8},"end":{"line":84,"column":86}},"18":{"start":{"line":85,"column":8},"end":{"line":90,"column":10}},"19":{"start":{"line":94,"column":6},"end":{"line":112,"column":7}},"20":{"start":{"line":96,"column":23},"end":{"line":96,"column":62}},"21":{"start":{"line":98,"column":8},"end":{"line":109,"column":9}},"22":{"start":{"line":99,"column":10},"end":{"line":99,"column":97}},"23":{"start":{"line":101,"column":10},"end":{"line":101,"column":83}},"24":{"start":{"line":103,"column":10},"end":{"line":108,"column":12}},"25":{"start":{"line":111,"column":8},"end":{"line":111,"column":70}},"26":{"start":{"line":114,"column":6},"end":{"line":114,"column":109}},"27":{"start":{"line":116,"column":6},"end":{"line":121,"column":8}},"28":{"start":{"line":123,"column":6},"end":{"line":123,"column":61}},"29":{"start":{"line":124,"column":6},"end":{"line":124,"column":89}},"30":{"start":{"line":126,"column":6},"end":{"line":130,"column":8}},"31":{"start":{"line":139,"column":4},"end":{"line":141,"column":5}},"32":{"start":{"line":140,"column":6},"end":{"line":140,"column":22}},"33":{"start":{"line":143,"column":4},"end":{"line":145,"column":5}},"34":{"start":{"line":144,"column":6},"end":{"line":144,"column":24}},"35":{"start":{"line":148,"column":23},"end":{"line":148,"column":65}},"36":{"start":{"line":149,"column":4},"end":{"line":149,"column":69}},"37":{"start":{"line":156,"column":4},"end":{"line":156,"column":50}},"38":{"start":{"line":165,"column":4},"end":{"line":167,"column":5}},"39":{"start":{"line":166,"column":6},"end":{"line":166,"column":19}},"40":{"start":{"line":170,"column":4},"end":{"line":172,"column":5}},"41":{"start":{"line":171,"column":6},"end":{"line":171,"column":18}},"42":{"start":{"line":174,"column":4},"end":{"line":174,"column":17}},"43":{"start":{"line":181,"column":34},"end":{"line":187,"column":6}},"44":{"start":{"line":189,"column":4},"end":{"line":189,"column":70}},"45":{"start":{"line":191,"column":4},"end":{"line":191,"column":23}},"46":{"start":{"line":203,"column":40},"end":{"line":209,"column":6}},"47":{"start":{"line":211,"column":4},"end":{"line":211,"column":37}},"48":{"start":{"line":213,"column":4},"end":{"line":216,"column":7}},"49":{"start":{"line":223,"column":4},"end":{"line":223,"column":37}},"50":{"start":{"line":232,"column":23},"end":{"line":232,"column":43}},"51":{"start":{"line":234,"column":20},"end":{"line":235,"column":null}},"52":{"start":{"line":235,"column":13},"end":{"line":235,"column":77}},"53":{"start":{"line":238,"column":4},"end":{"line":238,"column":19}},"54":{"start":{"line":245,"column":4},"end":{"line":250,"column":5}},"55":{"start":{"line":246,"column":6},"end":{"line":246,"column":45}},"56":{"start":{"line":248,"column":6},"end":{"line":248,"column":65}},"57":{"start":{"line":249,"column":6},"end":{"line":249,"column":16}},"58":{"start":{"line":259,"column":4},"end":{"line":259,"column":14}},"59":{"start":{"line":271,"column":23},"end":{"line":271,"column":75}},"60":{"start":{"line":271,"column":58},"end":{"line":271,"column":67}},"61":{"start":{"line":272,"column":19},"end":{"line":272,"column":72}},"62":{"start":{"line":272,"column":54},"end":{"line":272,"column":64}},"63":{"start":{"line":275,"column":24},"end":{"line":275,"column":49}},"64":{"start":{"line":277,"column":4},"end":{"line":281,"column":7}},"65":{"start":{"line":278,"column":6},"end":{"line":280,"column":7}},"66":{"start":{"line":279,"column":8},"end":{"line":279,"column":76}},"67":{"start":{"line":284,"column":19},"end":{"line":284,"column":20}},"68":{"start":{"line":286,"column":4},"end":{"line":291,"column":7}},"69":{"start":{"line":287,"column":6},"end":{"line":290,"column":7}},"70":{"start":{"line":288,"column":8},"end":{"line":288,"column":25}},"71":{"start":{"line":289,"column":8},"end":{"line":289,"column":38}},"72":{"start":{"line":293,"column":4},"end":{"line":298,"column":6}},"73":{"start":{"line":305,"column":23},"end":{"line":305,"column":60}},"74":{"start":{"line":306,"column":26},"end":{"line":306,"column":53}},"75":{"start":{"line":308,"column":4},"end":{"line":308,"column":88}},"76":{"start":{"line":308,"column":62},"end":{"line":308,"column":86}},"77":{"start":{"line":310,"column":20},"end":{"line":310,"column":63}},"78":{"start":{"line":312,"column":4},"end":{"line":312,"column":76}},"79":{"start":{"line":314,"column":4},"end":{"line":314,"column":19}},"80":{"start":{"line":30,"column":0},"end":{"line":30,"column":13}}},"fnMap":{"0":{"name":"(anonymous_0)","decl":{"start":{"line":41,"column":2},"end":{"line":41,"column":14}},"loc":{"start":{"line":41,"column":42},"end":{"line":43,"column":3}}},"1":{"name":"(anonymous_1)","decl":{"start":{"line":48,"column":2},"end":{"line":48,"column":15}},"loc":{"start":{"line":48,"column":15},"end":{"line":50,"column":3}}},"2":{"name":"(anonymous_2)","decl":{"start":{"line":55,"column":2},"end":{"line":55,"column":7}},"loc":{"start":{"line":55,"column":43},"end":{"line":63,"column":3}}},"3":{"name":"(anonymous_3)","decl":{"start":{"line":68,"column":2},"end":{"line":68,"column":7}},"loc":{"start":{"line":68,"column":60},"end":{"line":132,"column":3}}},"4":{"name":"(anonymous_4)","decl":{"start":{"line":137,"column":2},"end":{"line":137,"column":21}},"loc":{"start":{"line":137,"column":40},"end":{"line":150,"column":3}}},"5":{"name":"(anonymous_5)","decl":{"start":{"line":155,"column":2},"end":{"line":155,"column":30}},"loc":{"start":{"line":155,"column":49},"end":{"line":157,"column":3}}},"6":{"name":"(anonymous_6)","decl":{"start":{"line":162,"column":2},"end":{"line":162,"column":19}},"loc":{"start":{"line":162,"column":32},"end":{"line":175,"column":3}}},"7":{"name":"(anonymous_7)","decl":{"start":{"line":180,"column":2},"end":{"line":180,"column":7}},"loc":{"start":{"line":180,"column":41},"end":{"line":192,"column":3}}},"8":{"name":"(anonymous_8)","decl":{"start":{"line":197,"column":2},"end":{"line":197,"column":23}},"loc":{"start":{"line":201,"column":21},"end":{"line":217,"column":3}}},"9":{"name":"(anonymous_9)","decl":{"start":{"line":222,"column":2},"end":{"line":222,"column":20}},"loc":{"start":{"line":222,"column":20},"end":{"line":224,"column":3}}},"10":{"name":"(anonymous_10)","decl":{"start":{"line":229,"column":2},"end":{"line":229,"column":17}},"loc":{"start":{"line":229,"column":36},"end":{"line":239,"column":3}}},"11":{"name":"(anonymous_11)","decl":{"start":{"line":235,"column":6},"end":{"line":235,"column":7}},"loc":{"start":{"line":235,"column":13},"end":{"line":235,"column":77}}},"12":{"name":"(anonymous_12)","decl":{"start":{"line":244,"column":2},"end":{"line":244,"column":7}},"loc":{"start":{"line":244,"column":28},"end":{"line":251,"column":3}}},"13":{"name":"(anonymous_13)","decl":{"start":{"line":256,"column":2},"end":{"line":256,"column":7}},"loc":{"start":{"line":256,"column":44},"end":{"line":260,"column":3}}},"14":{"name":"(anonymous_14)","decl":{"start":{"line":265,"column":2},"end":{"line":265,"column":16}},"loc":{"start":{"line":265,"column":16},"end":{"line":299,"column":3}}},"15":{"name":"(anonymous_15)","decl":{"start":{"line":271,"column":51},"end":{"line":271,"column":52}},"loc":{"start":{"line":271,"column":58},"end":{"line":271,"column":67}}},"16":{"name":"(anonymous_16)","decl":{"start":{"line":272,"column":47},"end":{"line":272,"column":48}},"loc":{"start":{"line":272,"column":54},"end":{"line":272,"column":64}}},"17":{"name":"(anonymous_17)","decl":{"start":{"line":277,"column":33},"end":{"line":277,"column":34}},"loc":{"start":{"line":277,"column":39},"end":{"line":281,"column":5}}},"18":{"name":"(anonymous_18)","decl":{"start":{"line":286,"column":24},"end":{"line":286,"column":25}},"loc":{"start":{"line":286,"column":44},"end":{"line":291,"column":5}}},"19":{"name":"(anonymous_19)","decl":{"start":{"line":304,"column":2},"end":{"line":304,"column":14}},"loc":{"start":{"line":304,"column":42},"end":{"line":315,"column":3}}},"20":{"name":"(anonymous_20)","decl":{"start":{"line":308,"column":55},"end":{"line":308,"column":56}},"loc":{"start":{"line":308,"column":62},"end":{"line":308,"column":86}}}},"branchMap":{"0":{"loc":{"start":{"line":71,"column":6},"end":{"line":78,"column":7}},"type":"if","locations":[{"start":{"line":71,"column":6},"end":{"line":78,"column":7}}]},"1":{"loc":{"start":{"line":83,"column":6},"end":{"line":91,"column":7}},"type":"if","locations":[{"start":{"line":83,"column":6},"end":{"line":91,"column":7}}]},"2":{"loc":{"start":{"line":98,"column":8},"end":{"line":109,"column":9}},"type":"if","locations":[{"start":{"line":98,"column":8},"end":{"line":109,"column":9}}]},"3":{"loc":{"start":{"line":139,"column":4},"end":{"line":141,"column":5}},"type":"if","locations":[{"start":{"line":139,"column":4},"end":{"line":141,"column":5}}]},"4":{"loc":{"start":{"line":139,"column":8},"end":{"line":139,"column":68}},"type":"binary-expr","locations":[{"start":{"line":139,"column":8},"end":{"line":139,"column":37}},{"start":{"line":139,"column":41},"end":{"line":139,"column":68}}]},"5":{"loc":{"start":{"line":143,"column":4},"end":{"line":145,"column":5}},"type":"if","locations":[{"start":{"line":143,"column":4},"end":{"line":145,"column":5}}]},"6":{"loc":{"start":{"line":143,"column":8},"end":{"line":143,"column":67}},"type":"binary-expr","locations":[{"start":{"line":143,"column":8},"end":{"line":143,"column":36}},{"start":{"line":143,"column":40},"end":{"line":143,"column":67}}]},"7":{"loc":{"start":{"line":165,"column":4},"end":{"line":167,"column":5}},"type":"if","locations":[{"start":{"line":165,"column":4},"end":{"line":167,"column":5}}]},"8":{"loc":{"start":{"line":170,"column":4},"end":{"line":172,"column":5}},"type":"if","locations":[{"start":{"line":170,"column":4},"end":{"line":172,"column":5}}]},"9":{"loc":{"start":{"line":213,"column":63},"end":{"line":213,"column":93}},"type":"cond-expr","locations":[{"start":{"line":213,"column":73},"end":{"line":213,"column":82}},{"start":{"line":213,"column":85},"end":{"line":213,"column":93}}]},"10":{"loc":{"start":{"line":235,"column":13},"end":{"line":235,"column":77}},"type":"binary-expr","locations":[{"start":{"line":235,"column":13},"end":{"line":235,"column":22}},{"start":{"line":235,"column":26},"end":{"line":235,"column":50}},{"start":{"line":235,"column":54},"end":{"line":235,"column":77}}]},"11":{"loc":{"start":{"line":278,"column":6},"end":{"line":280,"column":7}},"type":"if","locations":[{"start":{"line":278,"column":6},"end":{"line":280,"column":7}}]},"12":{"loc":{"start":{"line":279,"column":37},"end":{"line":279,"column":69}},"type":"binary-expr","locations":[{"start":{"line":279,"column":37},"end":{"line":279,"column":64}},{"start":{"line":279,"column":68},"end":{"line":279,"column":69}}]},"13":{"loc":{"start":{"line":287,"column":6},"end":{"line":290,"column":7}},"type":"if","locations":[{"start":{"line":287,"column":6},"end":{"line":290,"column":7}}]},"14":{"loc":{"start":{"line":304,"column":15},"end":{"line":304,"column":42}},"type":"default-arg","locations":[{"start":{"line":304,"column":40},"end":{"line":304,"column":42}}]}},"s":{"0":0,"1":0,"2":0,"3":0,"4":0,"5":0,"6":0,"7":0,"8":0,"9":0,"10":0,"11":0,"12":0,"13":0,"14":0,"15":0,"16":0,"17":0,"18":0,"19":0,"20":0,"21":0,"22":0,"23":0,"24":0,"25":0,"26":0,"27":0,"28":0,"29":0,"30":0,"31":0,"32":0,"33":0,"34":0,"35":0,"36":0,"37":0,"38":0,"39":0,"40":0,"41":0,"42":0,"43":0,"44":0,"45":0,"46":0,"47":0,"48":0,"49":0,"50":0,"51":0,"52":0,"53":0,"54":0,"55":0,"56":0,"57":0,"58":0,"59":0,"60":0,"61":0,"62":0,"63":0,"64":0,"65":0,"66":0,"67":0,"68":0,"69":0,"70":0,"71":0,"72":0,"73":0,"74":0,"75":0,"76":0,"77":0,"78":0,"79":0,"80":0},"f":{"0":0,"1":0,"2":0,"3":0,"4":0,"5":0,"6":0,"7":0,"8":0,"9":0,"10":0,"11":0,"12":0,"13":0,"14":0,"15":0,"16":0,"17":0,"18":0,"19":0,"20":0},"b":{"0":[0],"1":[0],"2":[0],"3":[0],"4":[0,0],"5":[0],"6":[0,0],"7":[0],"8":[0],"9":[0,0],"10":[0,0,0],"11":[0],"12":[0,0],"13":[0],"14":[0]}}
,"/home/wes/repos/babel-v2/src/core/storyManager.ts": {"path":"/home/wes/repos/babel-v2/src/core/storyManager.ts","statementMap":{"0":{"start":{"line":5,"column":0},"end":{"line":5,"column":36}},"1":{"start":{"line":10,"column":0},"end":{"line":10,"column":56}},"2":{"start":{"line":11,"column":0},"end":{"line":11,"column":41}},"3":{"start":{"line":13,"column":15},"end":{"line":13,"column":41}},"4":{"start":{"line":17,"column":12},"end":{"line":17,"column":38}},"5":{"start":{"line":18,"column":12},"end":{"line":18,"column":42}},"6":{"start":{"line":19,"column":12},"end":{"line":19,"column":43}},"7":{"start":{"line":31,"column":4},"end":{"line":33,"column":5}},"8":{"start":{"line":32,"column":6},"end":{"line":32,"column":62}},"9":{"start":{"line":35,"column":27},"end":{"line":35,"column":58}},"10":{"start":{"line":36,"column":4},"end":{"line":38,"column":5}},"11":{"start":{"line":37,"column":6},"end":{"line":37,"column":63}},"12":{"start":{"line":41,"column":15},"end":{"line":41,"column":23}},"13":{"start":{"line":42,"column":16},"end":{"line":42,"column":26}},"14":{"start":{"line":43,"column":25},"end":{"line":50,"column":6}},"15":{"start":{"line":53,"column":4},"end":{"line":53,"column":33}},"16":{"start":{"line":54,"column":4},"end":{"line":54,"column":69}},"17":{"start":{"line":57,"column":36},"end":{"line":62,"column":6}},"18":{"start":{"line":63,"column":4},"end":{"line":63,"column":44}},"19":{"start":{"line":65,"column":4},"end":{"line":65,"column":17}},"20":{"start":{"line":69,"column":4},"end":{"line":69,"column":39}},"21":{"start":{"line":73,"column":4},"end":{"line":73,"column":36}},"22":{"start":{"line":77,"column":4},"end":{"line":77,"column":43}},"23":{"start":{"line":88,"column":4},"end":{"line":90,"column":5}},"24":{"start":{"line":89,"column":6},"end":{"line":89,"column":62}},"25":{"start":{"line":92,"column":18},"end":{"line":92,"column":35}},"26":{"start":{"line":93,"column":4},"end":{"line":95,"column":5}},"27":{"start":{"line":94,"column":6},"end":{"line":94,"column":65}},"28":{"start":{"line":97,"column":20},"end":{"line":101,"column":6}},"29":{"start":{"line":103,"column":4},"end":{"line":103,"column":35}},"30":{"start":{"line":104,"column":4},"end":{"line":104,"column":53}},"31":{"start":{"line":106,"column":4},"end":{"line":106,"column":19}},"32":{"start":{"line":116,"column":4},"end":{"line":118,"column":5}},"33":{"start":{"line":117,"column":6},"end":{"line":117,"column":68}},"34":{"start":{"line":120,"column":18},"end":{"line":120,"column":35}},"35":{"start":{"line":121,"column":4},"end":{"line":123,"column":5}},"36":{"start":{"line":122,"column":6},"end":{"line":122,"column":65}},"37":{"start":{"line":125,"column":4},"end":{"line":125,"column":30}},"38":{"start":{"line":126,"column":4},"end":{"line":126,"column":69}},"39":{"start":{"line":138,"column":4},"end":{"line":140,"column":5}},"40":{"start":{"line":139,"column":6},"end":{"line":139,"column":64}},"41":{"start":{"line":142,"column":18},"end":{"line":142,"column":40}},"42":{"start":{"line":143,"column":4},"end":{"line":145,"column":5}},"43":{"start":{"line":144,"column":6},"end":{"line":144,"column":70}},"44":{"start":{"line":148,"column":29},"end":{"line":153,"column":6}},"45":{"start":{"line":155,"column":4},"end":{"line":155,"column":37}},"46":{"start":{"line":156,"column":4},"end":{"line":156,"column":90}},"47":{"start":{"line":158,"column":4},"end":{"line":158,"column":19}},"48":{"start":{"line":162,"column":4},"end":{"line":162,"column":51}},"49":{"start":{"line":166,"column":4},"end":{"line":166,"column":44}},"50":{"start":{"line":170,"column":4},"end":{"line":170,"column":50}},"51":{"start":{"line":174,"column":4},"end":{"line":174,"column":43}},"52":{"start":{"line":15,"column":0},"end":{"line":15,"column":13}}},"fnMap":{"0":{"name":"(anonymous_0)","decl":{"start":{"line":16,"column":2},"end":{"line":16,"column":null}},"loc":{"start":{"line":19,"column":43},"end":{"line":20,"column":6}}},"1":{"name":"(anonymous_1)","decl":{"start":{"line":29,"column":2},"end":{"line":29,"column":13}},"loc":{"start":{"line":29,"column":50},"end":{"line":66,"column":3}}},"2":{"name":"(anonymous_2)","decl":{"start":{"line":68,"column":2},"end":{"line":68,"column":10}},"loc":{"start":{"line":68,"column":21},"end":{"line":70,"column":3}}},"3":{"name":"(anonymous_3)","decl":{"start":{"line":72,"column":2},"end":{"line":72,"column":15}},"loc":{"start":{"line":72,"column":15},"end":{"line":74,"column":3}}},"4":{"name":"(anonymous_4)","decl":{"start":{"line":76,"column":2},"end":{"line":76,"column":18}},"loc":{"start":{"line":76,"column":34},"end":{"line":78,"column":3}}},"5":{"name":"(anonymous_5)","decl":{"start":{"line":87,"column":2},"end":{"line":87,"column":13}},"loc":{"start":{"line":87,"column":41},"end":{"line":107,"column":3}}},"6":{"name":"(anonymous_6)","decl":{"start":{"line":115,"column":2},"end":{"line":115,"column":13}},"loc":{"start":{"line":115,"column":52},"end":{"line":127,"column":3}}},"7":{"name":"(anonymous_7)","decl":{"start":{"line":136,"column":2},"end":{"line":136,"column":15}},"loc":{"start":{"line":136,"column":52},"end":{"line":159,"column":3}}},"8":{"name":"(anonymous_8)","decl":{"start":{"line":161,"column":2},"end":{"line":161,"column":18}},"loc":{"start":{"line":161,"column":34},"end":{"line":163,"column":3}}},"9":{"name":"(anonymous_9)","decl":{"start":{"line":165,"column":2},"end":{"line":165,"column":15}},"loc":{"start":{"line":165,"column":31},"end":{"line":167,"column":3}}},"10":{"name":"(anonymous_10)","decl":{"start":{"line":169,"column":2},"end":{"line":169,"column":25}},"loc":{"start":{"line":169,"column":41},"end":{"line":171,"column":3}}},"11":{"name":"(anonymous_11)","decl":{"start":{"line":173,"column":2},"end":{"line":173,"column":18}},"loc":{"start":{"line":173,"column":18},"end":{"line":175,"column":3}}}},"branchMap":{"0":{"loc":{"start":{"line":31,"column":4},"end":{"line":33,"column":5}},"type":"if","locations":[{"start":{"line":31,"column":4},"end":{"line":33,"column":5}}]},"1":{"loc":{"start":{"line":31,"column":8},"end":{"line":31,"column":55}},"type":"binary-expr","locations":[{"start":{"line":31,"column":8},"end":{"line":31,"column":20}},{"start":{"line":31,"column":24},"end":{"line":31,"column":55}}]},"2":{"loc":{"start":{"line":36,"column":4},"end":{"line":38,"column":5}},"type":"if","locations":[{"start":{"line":36,"column":4},"end":{"line":38,"column":5}}]},"3":{"loc":{"start":{"line":88,"column":4},"end":{"line":90,"column":5}},"type":"if","locations":[{"start":{"line":88,"column":4},"end":{"line":90,"column":5}}]},"4":{"loc":{"start":{"line":88,"column":8},"end":{"line":88,"column":47}},"type":"binary-expr","locations":[{"start":{"line":88,"column":8},"end":{"line":88,"column":16}},{"start":{"line":88,"column":20},"end":{"line":88,"column":47}}]},"5":{"loc":{"start":{"line":93,"column":4},"end":{"line":95,"column":5}},"type":"if","locations":[{"start":{"line":93,"column":4},"end":{"line":95,"column":5}}]},"6":{"loc":{"start":{"line":115,"column":26},"end":{"line":115,"column":52}},"type":"default-arg","locations":[{"start":{"line":115,"column":47},"end":{"line":115,"column":52}}]},"7":{"loc":{"start":{"line":116,"column":4},"end":{"line":118,"column":5}},"type":"if","locations":[{"start":{"line":116,"column":4},"end":{"line":118,"column":5}}]},"8":{"loc":{"start":{"line":121,"column":4},"end":{"line":123,"column":5}},"type":"if","locations":[{"start":{"line":121,"column":4},"end":{"line":123,"column":5}}]},"9":{"loc":{"start":{"line":138,"column":4},"end":{"line":140,"column":5}},"type":"if","locations":[{"start":{"line":138,"column":4},"end":{"line":140,"column":5}}]},"10":{"loc":{"start":{"line":138,"column":8},"end":{"line":138,"column":55}},"type":"binary-expr","locations":[{"start":{"line":138,"column":8},"end":{"line":138,"column":20}},{"start":{"line":138,"column":24},"end":{"line":138,"column":55}}]},"11":{"loc":{"start":{"line":143,"column":4},"end":{"line":145,"column":5}},"type":"if","locations":[{"start":{"line":143,"column":4},"end":{"line":145,"column":5}}]}},"s":{"0":0,"1":0,"2":0,"3":0,"4":0,"5":0,"6":0,"7":0,"8":0,"9":0,"10":0,"11":0,"12":0,"13":0,"14":0,"15":0,"16":0,"17":0,"18":0,"19":0,"20":0,"21":0,"22":0,"23":0,"24":0,"25":0,"26":0,"27":0,"28":0,"29":0,"30":0,"31":0,"32":0,"33":0,"34":0,"35":0,"36":0,"37":0,"38":0,"39":0,"40":0,"41":0,"42":0,"43":0,"44":0,"45":0,"46":0,"47":0,"48":0,"49":0,"50":0,"51":0,"52":0},"f":{"0":0,"1":0,"2":0,"3":0,"4":0,"5":0,"6":0,"7":0,"8":0,"9":0,"10":0,"11":0},"b":{"0":[0],"1":[0,0],"2":[0],"3":[0],"4":[0,0],"5":[0],"6":[0],"7":[0],"8":[0],"9":[0],"10":[0,0],"11":[0]}}
,"/home/wes/repos/babel-v2/src/core/storyTypeRegistry.ts": {"path":"/home/wes/repos/babel-v2/src/core/storyTypeRegistry.ts","statementMap":{"0":{"start":{"line":5,"column":0},"end":{"line":5,"column":58}},"1":{"start":{"line":13,"column":4},"end":{"line":13,"column":27}},"2":{"start":{"line":14,"column":4},"end":{"line":14,"column":32}},"3":{"start":{"line":19,"column":4},"end":{"line":79,"column":7}},"4":{"start":{"line":82,"column":4},"end":{"line":161,"column":7}},"5":{"start":{"line":164,"column":4},"end":{"line":211,"column":7}},"6":{"start":{"line":214,"column":4},"end":{"line":261,"column":7}},"7":{"start":{"line":265,"column":4},"end":{"line":265,"column":48}},"8":{"start":{"line":269,"column":4},"end":{"line":269,"column":32}},"9":{"start":{"line":273,"column":4},"end":{"line":273,"column":43}},"10":{"start":{"line":277,"column":23},"end":{"line":277,"column":41}},"11":{"start":{"line":278,"column":4},"end":{"line":278,"column":29}},"12":{"start":{"line":282,"column":4},"end":{"line":282,"column":43}},"13":{"start":{"line":9,"column":0},"end":{"line":9,"column":13}}},"fnMap":{"0":{"name":"(anonymous_0)","decl":{"start":{"line":12,"column":2},"end":{"line":12,"column":null}},"loc":{"start":{"line":12,"column":2},"end":{"line":15,"column":3}}},"1":{"name":"(anonymous_1)","decl":{"start":{"line":17,"column":10},"end":{"line":17,"column":30}},"loc":{"start":{"line":17,"column":30},"end":{"line":262,"column":3}}},"2":{"name":"(anonymous_2)","decl":{"start":{"line":264,"column":2},"end":{"line":264,"column":14}},"loc":{"start":{"line":264,"column":46},"end":{"line":266,"column":3}}},"3":{"name":"(anonymous_3)","decl":{"start":{"line":268,"column":2},"end":{"line":268,"column":9}},"loc":{"start":{"line":268,"column":25},"end":{"line":270,"column":3}}},"4":{"name":"(anonymous_4)","decl":{"start":{"line":272,"column":2},"end":{"line":272,"column":13}},"loc":{"start":{"line":272,"column":13},"end":{"line":274,"column":3}}},"5":{"name":"(anonymous_5)","decl":{"start":{"line":276,"column":2},"end":{"line":276,"column":10}},"loc":{"start":{"line":276,"column":26},"end":{"line":279,"column":3}}},"6":{"name":"(anonymous_6)","decl":{"start":{"line":281,"column":2},"end":{"line":281,"column":16}},"loc":{"start":{"line":281,"column":32},"end":{"line":283,"column":3}}}},"branchMap":{},"s":{"0":0,"1":0,"2":0,"3":0,"4":0,"5":0,"6":0,"7":0,"8":0,"9":0,"10":0,"11":0,"12":0,"13":0},"f":{"0":0,"1":0,"2":0,"3":0,"4":0,"5":0,"6":0},"b":{}}
,"/home/wes/repos/babel-v2/src/core/storyWordCountService.ts": {"path":"/home/wes/repos/babel-v2/src/core/storyWordCountService.ts","statementMap":{"0":{"start":{"line":6,"column":0},"end":{"line":6,"column":29}},"1":{"start":{"line":7,"column":0},"end":{"line":7,"column":34}},"2":{"start":{"line":9,"column":0},"end":{"line":9,"column":37}},"3":{"start":{"line":10,"column":0},"end":{"line":10,"column":57}},"4":{"start":{"line":11,"column":0},"end":{"line":11,"column":41}},"5":{"start":{"line":12,"column":0},"end":{"line":12,"column":56}},"6":{"start":{"line":14,"column":15},"end":{"line":14,"column":50}},"7":{"start":{"line":18,"column":12},"end":{"line":18,"column":44}},"8":{"start":{"line":19,"column":12},"end":{"line":19,"column":33}},"9":{"start":{"line":29,"column":4},"end":{"line":52,"column":5}},"10":{"start":{"line":31,"column":20},"end":{"line":31,"column":58}},"11":{"start":{"line":32,"column":6},"end":{"line":34,"column":7}},"12":{"start":{"line":33,"column":8},"end":{"line":33,"column":72}},"13":{"start":{"line":37,"column":24},"end":{"line":37,"column":73}},"14":{"start":{"line":40,"column":24},"end":{"line":40,"column":58}},"15":{"start":{"line":43,"column":6},"end":{"line":43,"column":63}},"16":{"start":{"line":45,"column":6},"end":{"line":45,"column":81}},"17":{"start":{"line":46,"column":6},"end":{"line":46,"column":23}},"18":{"start":{"line":48,"column":6},"end":{"line":50,"column":7}},"19":{"start":{"line":49,"column":8},"end":{"line":49,"column":20}},"20":{"start":{"line":51,"column":6},"end":{"line":51,"column":73}},"21":{"start":{"line":62,"column":21},"end":{"line":62,"column":59}},"22":{"start":{"line":64,"column":4},"end":{"line":80,"column":5}},"23":{"start":{"line":67,"column":8},"end":{"line":67,"column":49}},"24":{"start":{"line":71,"column":8},"end":{"line":71,"column":49}},"25":{"start":{"line":76,"column":8},"end":{"line":76,"column":46}},"26":{"start":{"line":79,"column":8},"end":{"line":79,"column":70}},"27":{"start":{"line":89,"column":24},"end":{"line":89,"column":55}},"28":{"start":{"line":91,"column":4},"end":{"line":103,"column":5}},"29":{"start":{"line":92,"column":20},"end":{"line":92,"column":49}},"30":{"start":{"line":93,"column":28},"end":{"line":96,"column":15}},"31":{"start":{"line":94,"column":26},"end":{"line":94,"column":46}},"32":{"start":{"line":95,"column":23},"end":{"line":95,"column":51}},"33":{"start":{"line":98,"column":6},"end":{"line":98,"column":27}},"34":{"start":{"line":101,"column":6},"end":{"line":101,"column":74}},"35":{"start":{"line":102,"column":6},"end":{"line":102,"column":16}},"36":{"start":{"line":16,"column":0},"end":{"line":16,"column":13}}},"fnMap":{"0":{"name":"(anonymous_9)","decl":{"start":{"line":17,"column":2},"end":{"line":17,"column":null}},"loc":{"start":{"line":19,"column":33},"end":{"line":20,"column":6}}},"1":{"name":"(anonymous_10)","decl":{"start":{"line":28,"column":2},"end":{"line":28,"column":7}},"loc":{"start":{"line":28,"column":39},"end":{"line":53,"column":3}}},"2":{"name":"(anonymous_11)","decl":{"start":{"line":61,"column":2},"end":{"line":61,"column":7}},"loc":{"start":{"line":61,"column":63},"end":{"line":81,"column":3}}},"3":{"name":"(anonymous_12)","decl":{"start":{"line":88,"column":10},"end":{"line":88,"column":15}},"loc":{"start":{"line":88,"column":48},"end":{"line":104,"column":3}}},"4":{"name":"(anonymous_13)","decl":{"start":{"line":94,"column":16},"end":{"line":94,"column":17}},"loc":{"start":{"line":94,"column":26},"end":{"line":94,"column":46}}},"5":{"name":"(anonymous_14)","decl":{"start":{"line":95,"column":13},"end":{"line":95,"column":14}},"loc":{"start":{"line":95,"column":23},"end":{"line":95,"column":51}}}},"branchMap":{"0":{"loc":{"start":{"line":32,"column":6},"end":{"line":34,"column":7}},"type":"if","locations":[{"start":{"line":32,"column":6},"end":{"line":34,"column":7}}]},"1":{"loc":{"start":{"line":48,"column":6},"end":{"line":50,"column":7}},"type":"if","locations":[{"start":{"line":48,"column":6},"end":{"line":50,"column":7}}]},"2":{"loc":{"start":{"line":64,"column":4},"end":{"line":80,"column":5}},"type":"switch","locations":[{"start":{"line":65,"column":6},"end":{"line":67,"column":49}},{"start":{"line":69,"column":6},"end":{"line":71,"column":49}},{"start":{"line":73,"column":6},"end":{"line":73,"column":27}},{"start":{"line":74,"column":6},"end":{"line":76,"column":46}},{"start":{"line":78,"column":6},"end":{"line":79,"column":70}}]}},"s":{"0":0,"1":0,"2":0,"3":0,"4":0,"5":0,"6":0,"7":0,"8":0,"9":0,"10":0,"11":0,"12":0,"13":0,"14":0,"15":0,"16":0,"17":0,"18":0,"19":0,"20":0,"21":0,"22":0,"23":0,"24":0,"25":0,"26":0,"27":0,"28":0,"29":0,"30":0,"31":0,"32":0,"33":0,"34":0,"35":0,"36":0},"f":{"0":0,"1":0,"2":0,"3":0,"4":0,"5":0},"b":{"0":[0],"1":[0],"2":[0,0,0,0,0]}}
,"/home/wes/repos/babel-v2/src/core/versionSwitcher.ts": {"path":"/home/wes/repos/babel-v2/src/core/versionSwitcher.ts","statementMap":{"0":{"start":{"line":13,"column":0},"end":{"line":13,"column":41}},"1":{"start":{"line":15,"column":15},"end":{"line":15,"column":44}},"2":{"start":{"line":42,"column":10},"end":{"line":42,"column":52}},"3":{"start":{"line":43,"column":10},"end":{"line":43,"column":37}},"4":{"start":{"line":46,"column":4},"end":{"line":46,"column":29}},"5":{"start":{"line":53,"column":4},"end":{"line":53,"column":20}},"6":{"start":{"line":60,"column":4},"end":{"line":65,"column":5}},"7":{"start":{"line":61,"column":6},"end":{"line":61,"column":47}},"8":{"start":{"line":63,"column":6},"end":{"line":63,"column":62}},"9":{"start":{"line":64,"column":6},"end":{"line":64,"column":18}},"10":{"start":{"line":72,"column":4},"end":{"line":116,"column":5}},"11":{"start":{"line":73,"column":29},"end":{"line":73,"column":59}},"12":{"start":{"line":76,"column":6},"end":{"line":83,"column":7}},"13":{"start":{"line":77,"column":8},"end":{"line":77,"column":59}},"14":{"start":{"line":78,"column":8},"end":{"line":82,"column":10}},"15":{"start":{"line":86,"column":24},"end":{"line":86,"column":63}},"16":{"start":{"line":88,"column":6},"end":{"line":98,"column":7}},"17":{"start":{"line":89,"column":8},"end":{"line":91,"column":11}},"18":{"start":{"line":92,"column":8},"end":{"line":97,"column":10}},"19":{"start":{"line":101,"column":21},"end":{"line":101,"column":57}},"20":{"start":{"line":103,"column":6},"end":{"line":107,"column":7}},"21":{"start":{"line":104,"column":8},"end":{"line":104,"column":50}},"22":{"start":{"line":105,"column":8},"end":{"line":105,"column":41}},"23":{"start":{"line":106,"column":8},"end":{"line":106,"column":59}},"24":{"start":{"line":109,"column":6},"end":{"line":112,"column":8}},"25":{"start":{"line":114,"column":6},"end":{"line":114,"column":75}},"26":{"start":{"line":115,"column":6},"end":{"line":115,"column":18}},"27":{"start":{"line":123,"column":4},"end":{"line":134,"column":5}},"28":{"start":{"line":124,"column":21},"end":{"line":124,"column":71}},"29":{"start":{"line":126,"column":6},"end":{"line":130,"column":8}},"30":{"start":{"line":132,"column":6},"end":{"line":132,"column":81}},"31":{"start":{"line":133,"column":6},"end":{"line":133,"column":18}},"32":{"start":{"line":141,"column":4},"end":{"line":146,"column":5}},"33":{"start":{"line":142,"column":6},"end":{"line":142,"column":45}},"34":{"start":{"line":144,"column":6},"end":{"line":144,"column":56}},"35":{"start":{"line":145,"column":6},"end":{"line":145,"column":18}},"36":{"start":{"line":153,"column":4},"end":{"line":177,"column":5}},"37":{"start":{"line":155,"column":6},"end":{"line":171,"column":7}},"38":{"start":{"line":156,"column":31},"end":{"line":156,"column":61}},"39":{"start":{"line":159,"column":8},"end":{"line":161,"column":9}},"40":{"start":{"line":160,"column":10},"end":{"line":160,"column":47}},"41":{"start":{"line":163,"column":24},"end":{"line":163,"column":47}},"42":{"start":{"line":166,"column":8},"end":{"line":168,"column":9}},"43":{"start":{"line":167,"column":10},"end":{"line":167,"column":50}},"44":{"start":{"line":170,"column":8},"end":{"line":170,"column":23}},"45":{"start":{"line":173,"column":6},"end":{"line":173,"column":37}},"46":{"start":{"line":175,"column":6},"end":{"line":175,"column":62}},"47":{"start":{"line":176,"column":6},"end":{"line":176,"column":18}},"48":{"start":{"line":184,"column":4},"end":{"line":198,"column":5}},"49":{"start":{"line":185,"column":29},"end":{"line":185,"column":59}},"50":{"start":{"line":186,"column":32},"end":{"line":186,"column":57}},"51":{"start":{"line":187,"column":21},"end":{"line":187,"column":47}},"52":{"start":{"line":189,"column":6},"end":{"line":194,"column":8}},"53":{"start":{"line":196,"column":6},"end":{"line":196,"column":60}},"54":{"start":{"line":197,"column":6},"end":{"line":197,"column":18}},"55":{"start":{"line":205,"column":4},"end":{"line":205,"column":36}},"56":{"start":{"line":212,"column":4},"end":{"line":212,"column":31}},"57":{"start":{"line":222,"column":34},"end":{"line":228,"column":6}},"58":{"start":{"line":230,"column":4},"end":{"line":230,"column":102}},"59":{"start":{"line":232,"column":4},"end":{"line":232,"column":23}},"60":{"start":{"line":40,"column":0},"end":{"line":40,"column":13}}},"fnMap":{"0":{"name":"(anonymous_0)","decl":{"start":{"line":45,"column":2},"end":{"line":45,"column":14}},"loc":{"start":{"line":45,"column":42},"end":{"line":47,"column":3}}},"1":{"name":"(anonymous_1)","decl":{"start":{"line":52,"column":2},"end":{"line":52,"column":15}},"loc":{"start":{"line":52,"column":15},"end":{"line":54,"column":3}}},"2":{"name":"(anonymous_2)","decl":{"start":{"line":59,"column":2},"end":{"line":59,"column":7}},"loc":{"start":{"line":59,"column":25},"end":{"line":66,"column":3}}},"3":{"name":"(anonymous_3)","decl":{"start":{"line":71,"column":2},"end":{"line":71,"column":7}},"loc":{"start":{"line":71,"column":43},"end":{"line":117,"column":3}}},"4":{"name":"(anonymous_4)","decl":{"start":{"line":122,"column":2},"end":{"line":122,"column":7}},"loc":{"start":{"line":122,"column":45},"end":{"line":135,"column":3}}},"5":{"name":"(anonymous_5)","decl":{"start":{"line":140,"column":2},"end":{"line":140,"column":7}},"loc":{"start":{"line":140,"column":20},"end":{"line":147,"column":3}}},"6":{"name":"(anonymous_6)","decl":{"start":{"line":152,"column":2},"end":{"line":152,"column":7}},"loc":{"start":{"line":152,"column":46},"end":{"line":178,"column":3}}},"7":{"name":"(anonymous_7)","decl":{"start":{"line":183,"column":2},"end":{"line":183,"column":7}},"loc":{"start":{"line":183,"column":23},"end":{"line":199,"column":3}}},"8":{"name":"(anonymous_8)","decl":{"start":{"line":204,"column":2},"end":{"line":204,"column":24}},"loc":{"start":{"line":204,"column":24},"end":{"line":206,"column":3}}},"9":{"name":"(anonymous_9)","decl":{"start":{"line":211,"column":2},"end":{"line":211,"column":19}},"loc":{"start":{"line":211,"column":19},"end":{"line":213,"column":3}}},"10":{"name":"(anonymous_10)","decl":{"start":{"line":218,"column":2},"end":{"line":218,"column":7}},"loc":{"start":{"line":220,"column":24},"end":{"line":233,"column":3}}}},"branchMap":{"0":{"loc":{"start":{"line":76,"column":6},"end":{"line":83,"column":7}},"type":"if","locations":[{"start":{"line":76,"column":6},"end":{"line":83,"column":7}}]},"1":{"loc":{"start":{"line":88,"column":6},"end":{"line":98,"column":7}},"type":"if","locations":[{"start":{"line":88,"column":6},"end":{"line":98,"column":7}}]},"2":{"loc":{"start":{"line":103,"column":6},"end":{"line":107,"column":7}},"type":"if","locations":[{"start":{"line":103,"column":6},"end":{"line":107,"column":7}}]},"3":{"loc":{"start":{"line":110,"column":18},"end":{"line":110,"column":42}},"type":"binary-expr","locations":[{"start":{"line":110,"column":18},"end":{"line":110,"column":33}},{"start":{"line":110,"column":37},"end":{"line":110,"column":42}}]},"4":{"loc":{"start":{"line":129,"column":17},"end":{"line":129,"column":91}},"type":"cond-expr","locations":[{"start":{"line":129,"column":39},"en
[...]
,"/home/wes/repos/babel-v2/src/views/storyStatusBar.ts": {"path":"/home/wes/repos/babel-v2/src/views/storyStatusBar.ts","statementMap":{"0":{"start":{"line":6,"column":0},"end":{"line":6,"column":33}},"1":{"start":{"line":7,"column":0},"end":{"line":7,"column":29}},"2":{"start":{"line":9,"column":0},"end":{"line":9,"column":41}},"3":{"start":{"line":11,"column":15},"end":{"line":11,"column":43}},"4":{"start":{"line":17,"column":12},"end":{"line":17,"column":44}},"5":{"start":{"line":18,"column":12},"end":{"line":18,"column":33}},"6":{"start":{"line":20,"column":4},"end":{"line":20,"column":96}},"7":{"start":{"line":21,"column":4},"end":{"line":21,"column":43}},"8":{"start":{"line":22,"column":4},"end":{"line":22,"column":16}},"9":{"start":{"line":29,"column":4},"end":{"line":32,"column":5}},"10":{"start":{"line":30,"column":6},"end":{"line":30,"column":18}},"11":{"start":{"line":31,"column":6},"end":{"line":31,"column":13}},"12":{"start":{"line":34,"column":21},"end":{"line":34,"column":47}},"13":{"start":{"line":37,"column":4},"end":{"line":40,"column":5}},"14":{"start":{"line":38,"column":6},"end":{"line":38,"column":18}},"15":{"start":{"line":39,"column":6},"end":{"line":39,"column":13}},"16":{"start":{"line":42,"column":25},"end":{"line":42,"column":68}},"17":{"start":{"line":43,"column":25},"end":{"line":43,"column":53}},"18":{"start":{"line":45,"column":4},"end":{"line":48,"column":5}},"19":{"start":{"line":46,"column":6},"end":{"line":46,"column":18}},"20":{"start":{"line":47,"column":6},"end":{"line":47,"column":13}},"21":{"start":{"line":50,"column":20},"end":{"line":50,"column":35}},"22":{"start":{"line":53,"column":24},"end":{"line":53,"column":89}},"23":{"start":{"line":54,"column":4},"end":{"line":57,"column":5}},"24":{"start":{"line":55,"column":6},"end":{"line":55,"column":18}},"25":{"start":{"line":56,"column":6},"end":{"line":56,"column":13}},"26":{"start":{"line":59,"column":4},"end":{"line":76,"column":5}},"27":{"start":{"line":60,"column":20},"end":{"line":60,"column":58}},"28":{"start":{"line":61,"column":6},"end":{"line":64,"column":7}},"29":{"start":{"line":62,"column":8},"end":{"line":62,"column":20}},"30":{"start":{"line":63,"column":8},"end":{"line":63,"column":15}},"31":{"start":{"line":67,"column":6},"end":{"line":67,"column":50}},"32":{"start":{"line":68,"column":6},"end":{"line":68,"column":84}},"33":{"start":{"line":69,"column":6},"end":{"line":69,"column":100}},"34":{"start":{"line":70,"column":6},"end":{"line":70,"column":18}},"35":{"start":{"line":72,"column":6},"end":{"line":72,"column":78}},"36":{"start":{"line":74,"column":6},"end":{"line":74,"column":58}},"37":{"start":{"line":75,"column":6},"end":{"line":75,"column":18}},"38":{"start":{"line":83,"column":4},"end":{"line":83,"column":30}},"39":{"start":{"line":90,"column":4},"end":{"line":90,"column":30}},"40":{"start":{"line":97,"column":4},"end":{"line":97,"column":33}},"41":{"start":{"line":13,"column":0},"end":{"line":13,"column":13}}},"fnMap":{"0":{"name":"(anonymous_9)","decl":{"start":{"line":16,"column":2},"end":{"line":16,"column":null}},"loc":{"start":{"line":18,"column":33},"end":{"line":23,"column":3}}},"1":{"name":"(anonymous_10)","decl":{"start":{"line":28,"column":2},"end":{"line":28,"column":17}},"loc":{"start":{"line":28,"column":55},"end":{"line":77,"column":3}}},"2":{"name":"(anonymous_11)","decl":{"start":{"line":82,"column":10},"end":{"line":82,"column":14}},"loc":{"start":{"line":82,"column":14},"end":{"line":84,"column":3}}},"3":{"name":"(anonymous_12)","decl":{"start":{"line":89,"column":10},"end":{"line":89,"column":14}},"loc":{"start":{"line":89,"column":14},"end":{"line":91,"column":3}}},"4":{"name":"(anonymous_13)","decl":{"start":{"line":96,"column":2},"end":{"line":96,"column":9}},"loc":{"start":{"line":96,"column":9},"end":{"line":98,"column":3}}}},"branchMap":{"0":{"loc":{"start":{"line":29,"column":4},"end":{"line":32,"column":5}},"type":"if","locations":[{"start":{"line":29,"column":4},"end":{"line":32,"column":5}}]},"1":{"loc":{"start":{"line":37,"column":4},"end":{"line":40,"column":5}},"type":"if","locations":[{"start":{"line":37,"column":4},"end":{"line":40,"column":5}}]},"2":{"loc":{"start":{"line":45,"column":4},"end":{"line":48,"column":5}},"type":"if","locations":[{"start":{"line":45,"column":4},"end":{"line":48,"column":5}}]},"3":{"loc":{"start":{"line":54,"column":4},"end":{"line":57,"column":5}},"type":"if","locations":[{"start":{"line":54,"column":4},"end":{"line":57,"column":5}}]},"4":{"loc":{"start":{"line":61,"column":6},"end":{"line":64,"column":7}},"type":"if","locations":[{"start":{"line":61,"column":6},"end":{"line":64,"column":7}}]}},"s":{"0":0,"1":0,"2":0,"3":0,"4":0,"5":0,"6":0,"7":0,"8":0,"9":0,"10":0,"11":0,"12":0,"13":0,"14":0,"15":0,"16":0,"17":0,"18":0,"19":0,"20":0,"21":0,"22":0,"23":0,"24":0,"25":0,"26":0,"27":0,"28":0,"29":0,"30":0,"31":0,"32":0,"33":0,"34":0,"35":0,"36":0,"37":0,"38":0,"39":0,"40":0,"41":0},"f":{"0":0,"1":0,"2":0,"3":0,"4":0},"b":{"0":[0],"1":[0],"2":[0],"3":[0],"4":[0]}}
,"/home/wes/repos/babel-v2/src/views/storyTreeDataProvider.ts": {"path":"/home/wes/repos/babel-v2/src/views/storyTreeDataProvider.ts","statementMap":{"0":{"start":{"line":6,"column":0},"end":{"line":6,"column":33}},"1":{"start":{"line":7,"column":0},"end":{"line":7,"column":25}},"2":{"start":{"line":8,"column":0},"end":{"line":8,"column":29}},"3":{"start":{"line":11,"column":0},"end":{"line":11,"column":53}},"4":{"start":{"line":12,"column":0},"end":{"line":12,"column":48}},"5":{"start":{"line":13,"column":0},"end":{"line":13,"column":46}},"6":{"start":{"line":14,"column":0},"end":{"line":14,"column":41}},"7":{"start":{"line":16,"column":15},"end":{"line":16,"column":57}},"8":{"start":{"line":25,"column":12},"end":{"line":25,"column":44}},"9":{"start":{"line":26,"column":12},"end":{"line":26,"column":48}},"10":{"start":{"line":27,"column":12},"end":{"line":27,"column":40}},"11":{"start":{"line":28,"column":12},"end":{"line":28,"column":33}},"12":{"start":{"line":19,"column":10},"end":{"line":19,"column":88}},"13":{"start":{"line":20,"column":11},"end":{"line":20,"column":108}},"14":{"start":{"line":21,"column":10},"end":{"line":21,"column":81}},"15":{"start":{"line":22,"column":19},"end":{"line":22,"column":36}},"16":{"start":{"line":35,"column":4},"end":{"line":35,"column":36}},"17":{"start":{"line":36,"column":4},"end":{"line":36,"column":29}},"18":{"start":{"line":37,"column":4},"end":{"line":37,"column":46}},"19":{"start":{"line":44,"column":4},"end":{"line":44,"column":19}},"20":{"start":{"line":51,"column":4},"end":{"line":115,"column":5}},"21":{"start":{"line":53,"column":6},"end":{"line":103,"column":7}},"22":{"start":{"line":54,"column":24},"end":{"line":54,"column":54}},"23":{"start":{"line":57,"column":31},"end":{"line":60,"column":10}},"24":{"start":{"line":58,"column":29},"end":{"line":58,"column":68}},"25":{"start":{"line":59,"column":10},"end":{"line":59,"column":43}},"26":{"start":{"line":63,"column":23},"end":{"line":63,"column":96}},"27":{"start":{"line":63,"column":53},"end":{"line":63,"column":95}},"28":{"start":{"line":66,"column":22},"end":{"line":99,"column":null}},"29":{"start":{"line":68,"column":29},"end":{"line":68,"column":75}},"30":{"start":{"line":69,"column":33},"end":{"line":69,"column":48}},"31":{"start":{"line":71,"column":32},"end":{"line":71,"column":41}},"32":{"start":{"line":72,"column":12},"end":{"line":96,"column":13}},"33":{"start":{"line":73,"column":32},"end":{"line":73,"column":71}},"34":{"start":{"line":74,"column":14},"end":{"line":93,"column":15}},"35":{"start":{"line":76,"column":31},"end":{"line":76,"column":61}},"36":{"start":{"line":77,"column":28},"end":{"line":77,"column":38}},"37":{"start":{"line":78,"column":16},"end":{"line":92,"column":17}},"38":{"start":{"line":79,"column":18},"end":{"line":79,"column":48}},"39":{"start":{"line":82,"column":35},"end":{"line":82,"column":63}},"40":{"start":{"line":83,"column":40},"end":{"line":83,"column":67}},"41":{"start":{"line":84,"column":18},"end":{"line":89,"column":21}},"42":{"start":{"line":87,"column":22},"end":{"line":87,"column":74}},"43":{"start":{"line":87,"column":39},"end":{"line":87,"column":67}},"44":{"start":{"line":91,"column":18},"end":{"line":91,"column":92}},"45":{"start":{"line":95,"column":14},"end":{"line":95,"column":97}},"46":{"start":{"line":98,"column":12},"end":{"line":98,"column":73}},"47":{"start":{"line":102,"column":8},"end":{"line":102,"column":21}},"48":{"start":{"line":106,"column":6},"end":{"line":108,"column":7}},"49":{"start":{"line":107,"column":8},"end":{"line":107,"column":54}},"50":{"start":{"line":111,"column":6},"end":{"line":111,"column":16}},"51":{"start":{"line":113,"column":6},"end":{"line":113,"column":55}},"52":{"start":{"line":114,"column":6},"end":{"line":114,"column":16}},"53":{"start":{"line":122,"column":22},"end":{"line":122,"column":60}},"54":{"start":{"line":125,"column":4},"end":{"line":128,"column":5}},"55":{"start":{"line":126,"column":6},"end":{"line":126,"column":58}},"56":{"start":{"line":127,"column":6},"end":{"line":127,"column":16}},"57":{"start":{"line":130,"column":34},"end":{"line":130,"column":36}},"58":{"start":{"line":131,"column":4},"end":{"line":131,"column":61}},"59":{"start":{"line":132,"column":4},"end":{"line":132,"column":88}},"60":{"start":{"line":132,"column":32},"end":{"line":132,"column":86}},"61":{"start":{"line":144,"column":4},"end":{"line":167,"column":5}},"62":{"start":{"line":145,"column":22},"end":{"line":145,"column":70}},"63":{"start":{"line":147,"column":6},"end":{"line":164,"column":7}},"64":{"start":{"line":149,"column":8},"end":{"line":151,"column":9}},"65":{"start":{"line":150,"column":10},"end":{"line":150,"column":19}},"66":{"start":{"line":153,"column":25},"end":{"line":153,"column":55}},"67":{"start":{"line":154,"column":29},"end":{"line":154,"column":92}},"68":{"start":{"line":156,"column":8},"end":{"line":163,"column":9}},"69":{"start":{"line":158,"column":10},"end":{"line":158,"column":76}},"70":{"start":{"line":159,"column":15},"end":{"line":163,"column":9}},"71":{"start":{"line":161,"column":24},"end":{"line":161,"column":87}},"72":{"start":{"line":162,"column":10},"end":{"line":162,"column":65}},"73":{"start":{"line":166,"column":6},"end":{"line":166,"column":74}},"74":{"start":{"line":18,"column":0},"end":{"line":18,"column":13}}},"fnMap":{"0":{"name":"(anonymous_9)","decl":{"start":{"line":24,"column":2},"end":{"line":24,"column":null}},"loc":{"start":{"line":28,"column":33},"end":{"line":29,"column":6}}},"1":{"name":"(anonymous_10)","decl":{"start":{"line":34,"column":2},"end":{"line":34,"column":9}},"loc":{"start":{"line":34,"column":9},"end":{"line":38,"column":3}}},"2":{"name":"(anonymous_11)","decl":{"start":{"line":43,"column":2},"end":{"line":43,"column":13}},"loc":{"start":{"line":43,"column":38},"end":{"line":45,"column":3}}},"3":{"name":"(anonymous_12)","decl":{"start":{"line":50,"column":2},"end":{"line":50,"column":7}},"loc":{"start":{"line":50,"column":45},"end":{"line":116,"column":3}}},"4":{"name":"(anonymous_13)","decl":{"start":{"line":57,"column":46},"end":{"line":57,"column":47}},"loc":{"start":{"line":57,"column":56},"end":{"line":60,"column":9}}},"5":{"name":"(anonymous_14)","decl":{"start":{"line":63,"column":43},"end":{"line":63,"column":44}},"loc":{"start":{"line":63,"column":53},"end":{"line":63,"column":95}}},"6":{"name":"(anonymous_15)","decl":{"start":{"line":67,"column":21},"end":{"line":67,"column":26}},"loc":{"start":{"line":67,"column":37},"end":{"line":99,"column":11}}},"7":{"name":"(anonymous_16)","decl":{"start":{"line":86,"column":40},"end":{"line":86,"column":41}},"loc":{"start":{"line":87,"column":22},"end":{"line":87,"column":74}}},"8":{"name":"(anonymous_17)","decl":{"start":{"line":87,"column":33},"end":{"line":87,"column":36}},"loc":{"start":{"line":87,"column":39},"end":{"line":87,"column":67}}},"9":{"name":"(anonymous_18)","decl":{"start":{"line":121,"column":10},"end":{"line":121,"column":26}},"loc":{"start":{"line":121,"column":42},"end":{"line":133,"column":3}}},"10":{"name":"(anonymous_19)","decl":{"start":{"line":132,"column":22},"end":{"line":132,"column":23}},"loc":{"start":{"line":132,"column":32},"end":{"line":132,"column":86}}},"11":{"name":"(anonymous_20)","decl":{"start":{"line":138,"column":10},"end":{"line":138,"column":30}},"loc":{"start":{"line":142,"column":25},"end":{"line":168,"column":3}}}},"branchMap":{"0":{"loc":{"start":{"line":53,"column":6},"end":{"line":103,"column":7}},"type":"if","locations":[{"start":{"line":53,"column":6},"end":{"line":103,"column":7}}]},"1":{"loc":{"start":{"line":74,"column":14},"end":{"line":93,"column":15}},"type":"if","locations":[{"start":{"line":74,"column":14},"end":{"line":93,"column":15}}]},"2":{"loc":{"start":{"line":78,"column":16},"end":{"line":92,"column":17}},"type":"if","locations":[{"start":{"line":78,"column":16},"end":{"line":92,"column":17}},{"start":{"line":80,"column":23},"end":{"line":92,"column":17}}]},"3":{"loc":{"start":{"line":78,"column":20},"end":{"line":78,"column":69}},"type":"binary-expr","locations":[{"start":{"line":78,"column":20},"end":{"line":78,"column":26}},{"start":{"line":78,"column":30},"end":{"line":78,"column":69}}]},"4":{"loc":{"start":{"line":106,"column":6},"end":{"line":108,"column":7}},"type":"if","locations":[{"start":{"line":106,"column":6},"end":{"line":108,"column":7}}]},"5":{"loc":{"start":{"line":125,"column":4},"end":{"line":128,"column":5}},"type":"if","locations":[{"start":{"line":125,"column":4},"end":{"line":128,"column":5}}]},"6":{"loc":{"start":{"line":149,"column":8},"end":{"line":151,"column":9}},"type":"if","locations":[{"start":{"line":149,"column":8},"end":{"line":151,"column":9}}]},"7":{"loc":{"start":{"line":154,"column":29},"end":{"line":154,"column":92}},"type":"cond-expr","locations":[{"start":{"line":154,"column":46},"end":{"line":154,"column":79}},{"start":{"line":154,"column":82},"end":{"line":154,"column":92}}]},"8":{"loc":{"start":{"line":156,"column":8},"end":{"line":163,"column":9}},"type":"if","locations":[{"start":{"line":156,"column":8},"end":{"line":163,"column":9}},{"start":{"line":159,"column":15},"end":{"line":163,"column":9}}]},"9":{"loc":{"start":{"line":159,"column":15},"end":{"line":163,"column":9}},"type":"if","locations":[{"start":{"line":159,"column":15},"end":{"line":163,"column":9}}]},"10":{"loc":{"start":{"line":159,"column":19},"end":{"line":159,"column":63}},"type":"binary-expr","locations":[{"start":{"line":159,"column":19},"end":{"line":159,"column":33}},{"start":{"line":159,"column":37},"end":{"line":159,"column":63}}]},"11":{"loc":{"start":{"line":161,"column":24},"end":{"line":161,"column":87}},"type":"cond-expr","locations":[{"start":{"line":161,"column":41},"end":{"line":161,"column":74}},{"start":{"line":161,"column":77},"end":{"line":161,"column":87}}]}},"s":{"0":0,"1":0,"2":0,"3":0,"4":0,"5":0,"6":0,"7":0,"8":0,"9":0,"10":0,"11":0,"12":0,"13":0,"14":0,"15":0,"16":0,"17":0,"18":0,"19":0,"20":0,"21":0,"22":0,"23":0,"24":0,"25":0,"26":0,"27":0,"28":0,"29":0,"30":0,"31":0,"32":0,"33":0,"34":0,"35":0,"36":0,"37":0,"38":0,"39":0,"40":0,"41":0,"42":0,"43":0,"44":0,"45":0,"46":0,"47":0,"48":0,"49":0,"50":0,"51":0,"52":0,"53":0,"54":0,"55":0,"56":0,"57":0,"58":0,"59":0,"60":0,"61":0,"62":0,"63":0,"64":0,"65":0,"66":0,"67":0,"68":0,"69":0,"70":0,"71":0,"72":0,"73":0,"74":0},"f":{"0":0,"1":0,"2":0,"3":0,"4":0,"5":0,"6":0,"7":0,"8":0,"9":0,"10":0,"11":0},"b":{"0":[0],"1":[0],"2":[0,0],"3":[0,0],"4":[0],"5":[0],"6":[0],"7":[0,0],"8":[0,0],"9":[0],"10":[0,0],"11":[0,0]}}
,"/home/wes/repos/babel-v2/src/views/storyTreeItem.ts": {"path":"/home/wes/repos/babel-v2/src/views/storyTreeItem.ts","statementMap":{"0":{"start":{"line":6,"column":0},"end":{"line":6,"column":33}},"1":{"start":{"line":7,"column":0},"end":{"line":7,"column":50}},"2":{"start":{"line":14,"column":4},"end":{"line":14,"column":72}},"3":{"start":{"line":16,"column":4},"end":{"line":16,"column":28}},"4":{"start":{"line":17,"column":4},"end":{"line":17,"column":32}},"5":{"start":{"line":19,"column":4},"end":{"line":19,"column":51}},"6":{"start":{"line":22,"column":21},"end":{"line":22,"column":77}},"7":{"start":{"line":23,"column":4},"end":{"line":23,"column":51}},"8":{"start":{"line":26,"column":25},"end":{"line":26,"column":95}},"9":{"start":{"line":27,"column":4},"end":{"line":27,"column":42}},"10":{"start":{"line":28,"column":4},"end":{"line":28,"column":97}},"11":{"start":{"line":35,"column":48},"end":{"line":40,"column":6}},"12":{"start":{"line":41,"column":4},"end":{"line":41,"column":36}},"13":{"start":{"line":9,"column":0},"end":{"line":9,"column":13}}},"fnMap":{"0":{"name":"(anonymous_9)","decl":{"start":{"line":13,"column":2},"end":{"line":13,"column":14}},"loc":{"start":{"line":13,"column":87},"end":{"line":29,"column":3}}},"1":{"name":"(anonymous_10)","decl":{"start":{"line":34,"column":10},"end":{"line":34,"column":31}},"loc":{"start":{"line":34,"column":47},"end":{"line":42,"column":3}}}},"branchMap":{"0":{"loc":{"start":{"line":13,"column":28},"end":{"line":13,"column":52}},"type":"default-arg","locations":[{"start":{"line":13,"column":51},"end":{"line":13,"column":52}}]},"1":{"loc":{"start":{"line":13,"column":54},"end":{"line":13,"column":87}},"type":"default-arg","locations":[{"start":{"line":13,"column":78},"end":{"line":13,"column":87}}]},"2":{"loc":{"start":{"line":22,"column":21},"end":{"line":22,"column":77}},"type":"binary-expr","locations":[{"start":{"line":22,"column":21},"end":{"line":22,"column":35}},{"start":{"line":22,"column":39},"end":{"line":22,"column":77}}]},"3":{"loc":{"start":{"line":26,"column":25},"end":{"line":26,"column":95}},"type":"cond-expr","locations":[{"start":{"line":26,"column":50},"end":{"line":26,"column":83}},{"start":{"line":26,"column":86},"end":{"line":26,"column":95}}]},"4":{"loc":{"start":{"line":41,"column":11},"end":{"line":41,"column":35}},"type":"binary-expr","locations":[{"start":{"line":41,"column":11},"end":{"line":41,"column":25}},{"start":{"line":41,"column":29},"end":{"line":41,"column":35}}]}},"s":{"0":0,"1":0,"2":0,"3":0,"4":0,"5":0,"6":0,"7":0,"8":0,"9":0,"10":0,"11":0,"12":0,"13":0},"f":{"0":0,"1":0},"b":{"0":[0],"1":[0],"2":[0,0],"3":[0,0],"4":[0,0]}}
}
